#
# There is insufficient memory for the Java Runtime Environment to continue.
# Native memory allocation (malloc) failed to allocate 1490416 bytes for Chunk::new
# Possible reasons:
#   The system is out of physical RAM or swap space
#   The process is running with CompressedOops enabled, and the Java Heap may be blocking the growth of the native heap
# Possible solutions:
#   Reduce memory load on the system
#   Increase physical memory or swap space
#   Check if swap backing store is full
#   Decrease Java heap size (-Xmx/-Xms)
#   Decrease number of Java threads
#   Decrease Java thread stack sizes (-Xss)
#   Set larger code cache with -XX:ReservedCodeCacheSize=
#   JVM is running with Zero Based Compressed Oops mode in which the Java heap is
#     placed in the first 32GB address space. The Java Heap base address is the
#     maximum limit for the native heap growth. Please use -XX:HeapBaseMinAddress
#     to set the Java Heap base and to place the Java Heap above 32GB virtual address.
# This output file may be truncated or incomplete.
#
#  Out of Memory Error (t:/workspace/hotspot/src/share/vm/memory/allocation.cpp:372), pid=2924, tid=9976
#
# JRE version: Java(TM) SE Runtime Environment (9.0+11) (build 9.0.1+11)
# Java VM: Java HotSpot(TM) 64-Bit Server VM (9.0.1+11, mixed mode, tiered, compressed oops, g1 gc, windows-amd64)
# No core dump will be written. Minidumps are not enabled by default on client versions of Windows
#

---------------  S U M M A R Y ------------

Command Line: -Dclassworlds.conf=C:\Program Files\apache-maven-3.9.8\bin\m2.conf -Dmaven.home=C:\Program Files\apache-maven-3.9.8 -Dlibrary.jansi.path=C:\Program Files\apache-maven-3.9.8\lib\jansi-native -Dmaven.multiModuleProjectDirectory=D:\JavaCourse\Kafka\kafka-learning org.codehaus.plexus.classworlds.launcher.Launcher clean package

Host: 11th Gen Intel(R) Core(TM) i5-1135G7 @ 2.40GHz, 8 cores, 15G,  Windows 10 , 64 bit Build 19041 (10.0.19041.4842)
Time: Sat Sep 28 17:31:20 2024 SE Asia Standard Time elapsed time: 4 seconds (0d 0h 0m 4s)

---------------  T H R E A D  ---------------

Current thread (0x00000218408c5000):  JavaThread "C2 CompilerThread1" daemon [_thread_in_native, id=9976, stack(0x000000f465700000,0x000000f465800000)]


Current CompileTask:
C2:   4604 3560   !   4       org.codehaus.plexus.interpolation.StringSearchInterpolator::interpolate (668 bytes)

Stack: [0x000000f465700000,0x000000f465800000]
Native frames: (J=compiled Java code, j=interpreted, Vv=VM code, C=native code)
V  [jvm.dll+0x5870b8]
V  [jvm.dll+0x69c0ee]
V  [jvm.dll+0x69d00a]
V  [jvm.dll+0x69d643]
V  [jvm.dll+0x21d148]
V  [jvm.dll+0xa7c6c]
V  [jvm.dll+0xa85ac]
V  [jvm.dll+0x320eac]
V  [jvm.dll+0x17b54c]
V  [jvm.dll+0x1e9acd]
V  [jvm.dll+0x1e8c66]
V  [jvm.dll+0x1691bb]
V  [jvm.dll+0x1f64f0]
V  [jvm.dll+0x1f5176]
V  [jvm.dll+0x66b2df]
V  [jvm.dll+0x5864e0]
C  [msvcr120.dll+0x24f7f]
C  [msvcr120.dll+0x25126]
C  [KERNEL32.DLL+0x17374]
C  [ntdll.dll+0x4cc91]


---------------  P R O C E S S  ---------------

Java Threads: ( => current thread )
  0x0000021841da4000 JavaThread "Thread-1" daemon [_thread_blocked, id=15816, stack(0x000000f465e00000,0x000000f465f00000)]
  0x0000021840a94000 JavaThread "Service Thread" daemon [_thread_blocked, id=15876, stack(0x000000f465c00000,0x000000f465d00000)]
  0x000002184097e000 JavaThread "Common-Cleaner" daemon [_thread_blocked, id=19364, stack(0x000000f465b00000,0x000000f465c00000)]
  0x00000218408cb800 JavaThread "Sweeper thread" daemon [_thread_blocked, id=22700, stack(0x000000f465a00000,0x000000f465b00000)]
  0x00000218408cb000 JavaThread "C1 CompilerThread3" daemon [_thread_blocked, id=23148, stack(0x000000f465900000,0x000000f465a00000)]
  0x00000218408c6000 JavaThread "C2 CompilerThread2" daemon [_thread_in_native, id=14840, stack(0x000000f465800000,0x000000f465900000)]
=>0x00000218408c5000 JavaThread "C2 CompilerThread1" daemon [_thread_in_native, id=9976, stack(0x000000f465700000,0x000000f465800000)]
  0x00000218408c4800 JavaThread "C2 CompilerThread0" daemon [_thread_in_native, id=18872, stack(0x000000f465600000,0x000000f465700000)]
  0x00000218408bf800 JavaThread "Attach Listener" daemon [_thread_blocked, id=13508, stack(0x000000f465500000,0x000000f465600000)]
  0x00000218408bf000 JavaThread "Signal Dispatcher" daemon [_thread_blocked, id=24492, stack(0x000000f465400000,0x000000f465500000)]
  0x0000021840069800 JavaThread "Finalizer" daemon [_thread_blocked, id=17260, stack(0x000000f465300000,0x000000f465400000)]
  0x0000021840068800 JavaThread "Reference Handler" daemon [_thread_blocked, id=11744, stack(0x000000f465200000,0x000000f465300000)]
  0x0000021817dc2000 JavaThread "main" [_thread_in_native, id=16496, stack(0x000000f463c00000,0x000000f463d00000)]

Other Threads:
  0x0000021840055000 VMThread "VM Thread" [stack: 0x000000f465100000,0x000000f465200000] [id=20016]
  0x0000021840ae0800 WatcherThread [stack: 0x000000f465d00000,0x000000f465e00000] [id=10600]
  0x0000021817dd9800 GCTaskThread "GC Thread#0" [stack: 0x000000f463d00000,0x000000f463e00000] [id=15928]
  0x0000021817dda800 GCTaskThread "GC Thread#1" [stack: 0x000000f463e00000,0x000000f463f00000] [id=5836]
  0x0000021817ddc800 GCTaskThread "GC Thread#2" [stack: 0x000000f463f00000,0x000000f464000000] [id=20728]
  0x0000021817dde800 GCTaskThread "GC Thread#3" [stack: 0x000000f464000000,0x000000f464100000] [id=19508]
  0x0000021817de1000 GCTaskThread "GC Thread#4" [stack: 0x000000f464100000,0x000000f464200000] [id=10884]
  0x0000021817dec000 GCTaskThread "GC Thread#5" [stack: 0x000000f464200000,0x000000f464300000] [id=10264]
  0x0000021817ded000 GCTaskThread "GC Thread#6" [stack: 0x000000f464300000,0x000000f464400000] [id=22368]
  0x0000021817def800 GCTaskThread "GC Thread#7" [stack: 0x000000f464400000,0x000000f464500000] [id=22956]
  0x0000021817e68000 ConcurrentGCThread "G1 Main Marker" [stack: 0x000000f464e00000,0x000000f464f00000] [id=2436]
  0x0000021817e68800 ConcurrentGCThread "G1 Marker#0" [stack: 0x000000f464f00000,0x000000f465000000] [id=7864]
  0x0000021817e69000 ConcurrentGCThread "G1 Marker#1" [stack: 0x000000f465000000,0x000000f465100000] [id=20160]
  0x0000021817e15000 ConcurrentGCThread "G1 Refine#0" [stack: 0x000000f464c00000,0x000000f464d00000] [id=15640]
  0x0000021817e08000 ConcurrentGCThread "G1 Refine#1" [stack: 0x000000f464b00000,0x000000f464c00000] [id=7612]
  0x0000021817dfd000 ConcurrentGCThread "G1 Refine#2" [stack: 0x000000f464a00000,0x000000f464b00000] [id=12184]
  0x0000021817dfa800 ConcurrentGCThread "G1 Refine#3" [stack: 0x000000f464900000,0x000000f464a00000] [id=11740]
  0x0000021817df9800 ConcurrentGCThread "G1 Refine#4" [stack: 0x000000f464800000,0x000000f464900000] [id=20888]
  0x0000021817df6800 ConcurrentGCThread "G1 Refine#5" [stack: 0x000000f464700000,0x000000f464800000] [id=21568]
  0x0000021817df4800 ConcurrentGCThread "G1 Refine#6" [stack: 0x000000f464600000,0x000000f464700000] [id=5020]
  0x0000021817df2800 ConcurrentGCThread "G1 Refine#7" [stack: 0x000000f464500000,0x000000f464600000] [id=15236]
  0x0000021817e1b800 ConcurrentGCThread "G1 Young RemSet Sampling" [stack: 0x000000f464d00000,0x000000f464e00000] [id=19572]

Threads with active compile tasks:
C2 CompilerThread23916       4       org.codehaus.plexus.util.xml.Xpp3DomBuilder::build (413 bytes)
C2 CompilerThread13560   !   4       org.codehaus.plexus.interpolation.StringSearchInterpolator::interpolate (668 bytes)
C2 CompilerThread03784       4       org.codehaus.plexus.interpolation.PrefixedValueSourceWrapper::getValue (39 bytes)

VM state:not at safepoint (normal execution)

VM Mutex/Monitor currently owned by a thread: None

Heap address: 0x00000006c5c00000, size: 4004 MB, Compressed Oops mode: Zero based, Oop shift amount: 3
Narrow klass base: 0x0000000000000000, Narrow klass shift: 3
Compressed class space size: 1073741824 Address: 0x00000007c0000000

Heap:
 garbage-first heap   total 258048K, used 30503K [0x00000006c5c00000, 0x00000006c5d007e0, 0x00000007c0000000)
  region size 1024K, 24 young (24576K), 7 survivors (7168K)
 Metaspace       used 23359K, capacity 24196K, committed 24320K, reserved 1071104K
  class space    used 2556K, capacity 2763K, committed 2816K, reserved 1048576K
Heap Regions: E=young(eden), S=young(survivor), O=old, HS=humongous(starts), HC=humongous(continues), CS=collection set, F=free, A=archive, TS=gc time stamp, AC=allocation context, TAMS=top-at-mark-start (previous, next)
|   0|0x00000006c5c00000, 0x00000006c5d00000, 0x00000006c5d00000|100%| O|  |TS  0|AC  0|TAMS 0x00000006c5d00000, 0x00000006c5d00000|
|   1|0x00000006c5d00000, 0x00000006c5e00000, 0x00000006c5e00000|100%| O|  |TS  1|AC  0|TAMS 0x00000006c5d00000, 0x00000006c5d00000|
|   2|0x00000006c5e00000, 0x00000006c5f00000, 0x00000006c5f00000|100%| O|  |TS  1|AC  0|TAMS 0x00000006c5e00000, 0x00000006c5e00000|
|   3|0x00000006c5f00000, 0x00000006c6000000, 0x00000006c6000000|100%| O|  |TS  1|AC  0|TAMS 0x00000006c5f00000, 0x00000006c5f00000|
|   4|0x00000006c6000000, 0x00000006c6100000, 0x00000006c6100000|100%| O|  |TS  1|AC  0|TAMS 0x00000006c6000000, 0x00000006c6000000|
|   5|0x00000006c6100000, 0x00000006c6200000, 0x00000006c6200000|100%| O|  |TS  1|AC  0|TAMS 0x00000006c6100000, 0x00000006c6100000|
|   6|0x00000006c6200000, 0x00000006c62e0a00, 0x00000006c6300000| 87%| O|  |TS  1|AC  0|TAMS 0x00000006c6200000, 0x00000006c6200000|
|   7|0x00000006c6300000, 0x00000006c6300000, 0x00000006c6400000|  0%| F|  |TS  0|AC  0|TAMS 0x00000006c6300000, 0x00000006c6300000|
|   8|0x00000006c6400000, 0x00000006c6400000, 0x00000006c6500000|  0%| F|  |TS  0|AC  0|TAMS 0x00000006c6400000, 0x00000006c6400000|
|   9|0x00000006c6500000, 0x00000006c6500000, 0x00000006c6600000|  0%| F|  |TS  0|AC  0|TAMS 0x00000006c6500000, 0x00000006c6500000|
|  10|0x00000006c6600000, 0x00000006c6600000, 0x00000006c6700000|  0%| F|  |TS  0|AC  0|TAMS 0x00000006c6600000, 0x00000006c6600000|
|  11|0x00000006c6700000, 0x00000006c6700000, 0x00000006c6800000|  0%| F|  |TS  0|AC  0|TAMS 0x00000006c6700000, 0x00000006c6700000|
|  12|0x00000006c6800000, 0x00000006c6800000, 0x00000006c6900000|  0%| F|  |TS  0|AC  0|TAMS 0x00000006c6800000, 0x00000006c6800000|
|  13|0x00000006c6900000, 0x00000006c6900000, 0x00000006c6a00000|  0%| F|  |TS  0|AC  0|TAMS 0x00000006c6900000, 0x00000006c6900000|
|  14|0x00000006c6a00000, 0x00000006c6a00000, 0x00000006c6b00000|  0%| F|  |TS  0|AC  0|TAMS 0x00000006c6a00000, 0x00000006c6a00000|
|  15|0x00000006c6b00000, 0x00000006c6b00000, 0x00000006c6c00000|  0%| F|  |TS  0|AC  0|TAMS 0x00000006c6b00000, 0x00000006c6b00000|
|  16|0x00000006c6c00000, 0x00000006c6c00000, 0x00000006c6d00000|  0%| F|  |TS  0|AC  0|TAMS 0x00000006c6c00000, 0x00000006c6c00000|
|  17|0x00000006c6d00000, 0x00000006c6d00000, 0x00000006c6e00000|  0%| F|  |TS  0|AC  0|TAMS 0x00000006c6d00000, 0x00000006c6d00000|
|  18|0x00000006c6e00000, 0x00000006c6e00000, 0x00000006c6f00000|  0%| F|  |TS  0|AC  0|TAMS 0x00000006c6e00000, 0x00000006c6e00000|
|  19|0x00000006c6f00000, 0x00000006c6f00000, 0x00000006c7000000|  0%| F|  |TS  0|AC  0|TAMS 0x00000006c6f00000, 0x00000006c6f00000|
|  20|0x00000006c7000000, 0x00000006c7000000, 0x00000006c7100000|  0%| F|  |TS  0|AC  0|TAMS 0x00000006c7000000, 0x00000006c7000000|
|  21|0x00000006c7100000, 0x00000006c7100000, 0x00000006c7200000|  0%| F|  |TS  0|AC  0|TAMS 0x00000006c7100000, 0x00000006c7100000|
|  22|0x00000006c7200000, 0x00000006c7200000, 0x00000006c7300000|  0%| F|  |TS  0|AC  0|TAMS 0x00000006c7200000, 0x00000006c7200000|
|  23|0x00000006c7300000, 0x00000006c7300000, 0x00000006c7400000|  0%| F|  |TS  0|AC  0|TAMS 0x00000006c7300000, 0x00000006c7300000|
|  24|0x00000006c7400000, 0x00000006c7400000, 0x00000006c7500000|  0%| F|  |TS  0|AC  0|TAMS 0x00000006c7400000, 0x00000006c7400000|
|  25|0x00000006c7500000, 0x00000006c7500000, 0x00000006c7600000|  0%| F|  |TS  0|AC  0|TAMS 0x00000006c7500000, 0x00000006c7500000|
|  26|0x00000006c7600000, 0x00000006c7600000, 0x00000006c7700000|  0%| F|  |TS  0|AC  0|TAMS 0x00000006c7600000, 0x00000006c7600000|
|  27|0x00000006c7700000, 0x00000006c7700000, 0x00000006c7800000|  0%| F|  |TS  0|AC  0|TAMS 0x00000006c7700000, 0x00000006c7700000|
|  28|0x00000006c7800000, 0x00000006c7800000, 0x00000006c7900000|  0%| F|  |TS  0|AC  0|TAMS 0x00000006c7800000, 0x00000006c7800000|
|  29|0x00000006c7900000, 0x00000006c7900000, 0x00000006c7a00000|  0%| F|  |TS  0|AC  0|TAMS 0x00000006c7900000, 0x00000006c7900000|
|  30|0x00000006c7a00000, 0x00000006c7a00000, 0x00000006c7b00000|  0%| F|  |TS  0|AC  0|TAMS 0x00000006c7a00000, 0x00000006c7a00000|
|  31|0x00000006c7b00000, 0x00000006c7b00000, 0x00000006c7c00000|  0%| F|  |TS  0|AC  0|TAMS 0x00000006c7b00000, 0x00000006c7b00000|
|  32|0x00000006c7c00000, 0x00000006c7c00000, 0x00000006c7d00000|  0%| F|  |TS  0|AC  0|TAMS 0x00000006c7c00000, 0x00000006c7c00000|
|  33|0x00000006c7d00000, 0x00000006c7d00000, 0x00000006c7e00000|  0%| F|  |TS  0|AC  0|TAMS 0x00000006c7d00000, 0x00000006c7d00000|
|  34|0x00000006c7e00000, 0x00000006c7e00000, 0x00000006c7f00000|  0%| F|  |TS  0|AC  0|TAMS 0x00000006c7e00000, 0x00000006c7e00000|
|  35|0x00000006c7f00000, 0x00000006c7f00000, 0x00000006c8000000|  0%| F|  |TS  0|AC  0|TAMS 0x00000006c7f00000, 0x00000006c7f00000|
|  36|0x00000006c8000000, 0x00000006c8000000, 0x00000006c8100000|  0%| F|  |TS  0|AC  0|TAMS 0x00000006c8000000, 0x00000006c8000000|
|  37|0x00000006c8100000, 0x00000006c8100000, 0x00000006c8200000|  0%| F|  |TS  0|AC  0|TAMS 0x00000006c8100000, 0x00000006c8100000|
|  38|0x00000006c8200000, 0x00000006c8200000, 0x00000006c8300000|  0%| F|  |TS  0|AC  0|TAMS 0x00000006c8200000, 0x00000006c8200000|
|  39|0x00000006c8300000, 0x00000006c8300000, 0x00000006c8400000|  0%| F|  |TS  0|AC  0|TAMS 0x00000006c8300000, 0x00000006c8300000|
|  40|0x00000006c8400000, 0x00000006c8400000, 0x00000006c8500000|  0%| F|  |TS  0|AC  0|TAMS 0x00000006c8400000, 0x00000006c8400000|
|  41|0x00000006c8500000, 0x00000006c8500000, 0x00000006c8600000|  0%| F|  |TS  0|AC  0|TAMS 0x00000006c8500000, 0x00000006c8500000|
|  42|0x00000006c8600000, 0x00000006c8600000, 0x00000006c8700000|  0%| F|  |TS  0|AC  0|TAMS 0x00000006c8600000, 0x00000006c8600000|
|  43|0x00000006c8700000, 0x00000006c8700000, 0x00000006c8800000|  0%| F|  |TS  0|AC  0|TAMS 0x00000006c8700000, 0x00000006c8700000|
|  44|0x00000006c8800000, 0x00000006c8800000, 0x00000006c8900000|  0%| F|  |TS  0|AC  0|TAMS 0x00000006c8800000, 0x00000006c8800000|
|  45|0x00000006c8900000, 0x00000006c8900000, 0x00000006c8a00000|  0%| F|  |TS  0|AC  0|TAMS 0x00000006c8900000, 0x00000006c8900000|
|  46|0x00000006c8a00000, 0x00000006c8a00000, 0x00000006c8b00000|  0%| F|  |TS  0|AC  0|TAMS 0x00000006c8a00000, 0x00000006c8a00000|
|  47|0x00000006c8b00000, 0x00000006c8b00000, 0x00000006c8c00000|  0%| F|  |TS  0|AC  0|TAMS 0x00000006c8b00000, 0x00000006c8b00000|
|  48|0x00000006c8c00000, 0x00000006c8c00000, 0x00000006c8d00000|  0%| F|  |TS  0|AC  0|TAMS 0x00000006c8c00000, 0x00000006c8c00000|
|  49|0x00000006c8d00000, 0x00000006c8d00000, 0x00000006c8e00000|  0%| F|  |TS  0|AC  0|TAMS 0x00000006c8d00000, 0x00000006c8d00000|
|  50|0x00000006c8e00000, 0x00000006c8e00000, 0x00000006c8f00000|  0%| F|  |TS  0|AC  0|TAMS 0x00000006c8e00000, 0x00000006c8e00000|
|  51|0x00000006c8f00000, 0x00000006c8f00000, 0x00000006c9000000|  0%| F|  |TS  0|AC  0|TAMS 0x00000006c8f00000, 0x00000006c8f00000|
|  52|0x00000006c9000000, 0x00000006c9000000, 0x00000006c9100000|  0%| F|  |TS  0|AC  0|TAMS 0x00000006c9000000, 0x00000006c9000000|
|  53|0x00000006c9100000, 0x00000006c9100000, 0x00000006c9200000|  0%| F|  |TS  0|AC  0|TAMS 0x00000006c9100000, 0x00000006c9100000|
|  54|0x00000006c9200000, 0x00000006c9200000, 0x00000006c9300000|  0%| F|  |TS  0|AC  0|TAMS 0x00000006c9200000, 0x00000006c9200000|
|  55|0x00000006c9300000, 0x00000006c9300000, 0x00000006c9400000|  0%| F|  |TS  0|AC  0|TAMS 0x00000006c9300000, 0x00000006c9300000|
|  56|0x00000006c9400000, 0x00000006c9400000, 0x00000006c9500000|  0%| F|  |TS  0|AC  0|TAMS 0x00000006c9400000, 0x00000006c9400000|
|  57|0x00000006c9500000, 0x00000006c9500000, 0x00000006c9600000|  0%| F|  |TS  0|AC  0|TAMS 0x00000006c9500000, 0x00000006c9500000|
|  58|0x00000006c9600000, 0x00000006c9600000, 0x00000006c9700000|  0%| F|  |TS  0|AC  0|TAMS 0x00000006c9600000, 0x00000006c9600000|
|  59|0x00000006c9700000, 0x00000006c9700000, 0x00000006c9800000|  0%| F|  |TS  0|AC  0|TAMS 0x00000006c9700000, 0x00000006c9700000|
|  60|0x00000006c9800000, 0x00000006c9800000, 0x00000006c9900000|  0%| F|  |TS  0|AC  0|TAMS 0x00000006c9800000, 0x00000006c9800000|
|  61|0x00000006c9900000, 0x00000006c9900000, 0x00000006c9a00000|  0%| F|  |TS  0|AC  0|TAMS 0x00000006c9900000, 0x00000006c9900000|
|  62|0x00000006c9a00000, 0x00000006c9a00000, 0x00000006c9b00000|  0%| F|  |TS  0|AC  0|TAMS 0x00000006c9a00000, 0x00000006c9a00000|
|  63|0x00000006c9b00000, 0x00000006c9b00000, 0x00000006c9c00000|  0%| F|  |TS  0|AC  0|TAMS 0x00000006c9b00000, 0x00000006c9b00000|
|  64|0x00000006c9c00000, 0x00000006c9c00000, 0x00000006c9d00000|  0%| F|  |TS  0|AC  0|TAMS 0x00000006c9c00000, 0x00000006c9c00000|
|  65|0x00000006c9d00000, 0x00000006c9d00000, 0x00000006c9e00000|  0%| F|  |TS  0|AC  0|TAMS 0x00000006c9d00000, 0x00000006c9d00000|
|  66|0x00000006c9e00000, 0x00000006c9e00000, 0x00000006c9f00000|  0%| F|  |TS  0|AC  0|TAMS 0x00000006c9e00000, 0x00000006c9e00000|
|  67|0x00000006c9f00000, 0x00000006c9f00000, 0x00000006ca000000|  0%| F|  |TS  0|AC  0|TAMS 0x00000006c9f00000, 0x00000006c9f00000|
|  68|0x00000006ca000000, 0x00000006ca000000, 0x00000006ca100000|  0%| F|  |TS  0|AC  0|TAMS 0x00000006ca000000, 0x00000006ca000000|
|  69|0x00000006ca100000, 0x00000006ca100000, 0x00000006ca200000|  0%| F|  |TS  0|AC  0|TAMS 0x00000006ca100000, 0x00000006ca100000|
|  70|0x00000006ca200000, 0x00000006ca200000, 0x00000006ca300000|  0%| F|  |TS  0|AC  0|TAMS 0x00000006ca200000, 0x00000006ca200000|
|  71|0x00000006ca300000, 0x00000006ca300000, 0x00000006ca400000|  0%| F|  |TS  0|AC  0|TAMS 0x00000006ca300000, 0x00000006ca300000|
|  72|0x00000006ca400000, 0x00000006ca400000, 0x00000006ca500000|  0%| F|  |TS  0|AC  0|TAMS 0x00000006ca400000, 0x00000006ca400000|
|  73|0x00000006ca500000, 0x00000006ca500000, 0x00000006ca600000|  0%| F|  |TS  0|AC  0|TAMS 0x00000006ca500000, 0x00000006ca500000|
|  74|0x00000006ca600000, 0x00000006ca600000, 0x00000006ca700000|  0%| F|  |TS  0|AC  0|TAMS 0x00000006ca600000, 0x00000006ca600000|
|  75|0x00000006ca700000, 0x00000006ca700000, 0x00000006ca800000|  0%| F|  |TS  0|AC  0|TAMS 0x00000006ca700000, 0x00000006ca700000|
|  76|0x00000006ca800000, 0x00000006ca800000, 0x00000006ca900000|  0%| F|  |TS  0|AC  0|TAMS 0x00000006ca800000, 0x00000006ca800000|
|  77|0x00000006ca900000, 0x00000006ca900000, 0x00000006caa00000|  0%| F|  |TS  0|AC  0|TAMS 0x00000006ca900000, 0x00000006ca900000|
|  78|0x00000006caa00000, 0x00000006caa00000, 0x00000006cab00000|  0%| F|  |TS  0|AC  0|TAMS 0x00000006caa00000, 0x00000006caa00000|
|  79|0x00000006cab00000, 0x00000006cab00000, 0x00000006cac00000|  0%| F|  |TS  0|AC  0|TAMS 0x00000006cab00000, 0x00000006cab00000|
|  80|0x00000006cac00000, 0x00000006cac00000, 0x00000006cad00000|  0%| F|  |TS  0|AC  0|TAMS 0x00000006cac00000, 0x00000006cac00000|
|  81|0x00000006cad00000, 0x00000006cad00000, 0x00000006cae00000|  0%| F|  |TS  0|AC  0|TAMS 0x00000006cad00000, 0x00000006cad00000|
|  82|0x00000006cae00000, 0x00000006cae00000, 0x00000006caf00000|  0%| F|  |TS  0|AC  0|TAMS 0x00000006cae00000, 0x00000006cae00000|
|  83|0x00000006caf00000, 0x00000006caf00000, 0x00000006cb000000|  0%| F|  |TS  0|AC  0|TAMS 0x00000006caf00000, 0x00000006caf00000|
|  84|0x00000006cb000000, 0x00000006cb000000, 0x00000006cb100000|  0%| F|  |TS  0|AC  0|TAMS 0x00000006cb000000, 0x00000006cb000000|
|  85|0x00000006cb100000, 0x00000006cb100000, 0x00000006cb200000|  0%| F|  |TS  0|AC  0|TAMS 0x00000006cb100000, 0x00000006cb100000|
|  86|0x00000006cb200000, 0x00000006cb200000, 0x00000006cb300000|  0%| F|  |TS  0|AC  0|TAMS 0x00000006cb200000, 0x00000006cb200000|
|  87|0x00000006cb300000, 0x00000006cb300000, 0x00000006cb400000|  0%| F|  |TS  0|AC  0|TAMS 0x00000006cb300000, 0x00000006cb300000|
|  88|0x00000006cb400000, 0x00000006cb400000, 0x00000006cb500000|  0%| F|  |TS  0|AC  0|TAMS 0x00000006cb400000, 0x00000006cb400000|
|  89|0x00000006cb500000, 0x00000006cb500000, 0x00000006cb600000|  0%| F|  |TS  0|AC  0|TAMS 0x00000006cb500000, 0x00000006cb500000|
|  90|0x00000006cb600000, 0x00000006cb600000, 0x00000006cb700000|  0%| F|  |TS  0|AC  0|TAMS 0x00000006cb600000, 0x00000006cb600000|
|  91|0x00000006cb700000, 0x00000006cb700000, 0x00000006cb800000|  0%| F|  |TS  0|AC  0|TAMS 0x00000006cb700000, 0x00000006cb700000|
|  92|0x00000006cb800000, 0x00000006cb800000, 0x00000006cb900000|  0%| F|  |TS  0|AC  0|TAMS 0x00000006cb800000, 0x00000006cb800000|
|  93|0x00000006cb900000, 0x00000006cb900000, 0x00000006cba00000|  0%| F|  |TS  0|AC  0|TAMS 0x00000006cb900000, 0x00000006cb900000|
|  94|0x00000006cba00000, 0x00000006cba00000, 0x00000006cbb00000|  0%| F|  |TS  0|AC  0|TAMS 0x00000006cba00000, 0x00000006cba00000|
|  95|0x00000006cbb00000, 0x00000006cbb00000, 0x00000006cbc00000|  0%| F|  |TS  0|AC  0|TAMS 0x00000006cbb00000, 0x00000006cbb00000|
|  96|0x00000006cbc00000, 0x00000006cbc00000, 0x00000006cbd00000|  0%| F|  |TS  0|AC  0|TAMS 0x00000006cbc00000, 0x00000006cbc00000|
|  97|0x00000006cbd00000, 0x00000006cbd00000, 0x00000006cbe00000|  0%| F|  |TS  0|AC  0|TAMS 0x00000006cbd00000, 0x00000006cbd00000|
|  98|0x00000006cbe00000, 0x00000006cbe00000, 0x00000006cbf00000|  0%| F|  |TS  0|AC  0|TAMS 0x00000006cbe00000, 0x00000006cbe00000|
|  99|0x00000006cbf00000, 0x00000006cbf00000, 0x00000006cc000000|  0%| F|  |TS  0|AC  0|TAMS 0x00000006cbf00000, 0x00000006cbf00000|
| 100|0x00000006cc000000, 0x00000006cc000000, 0x00000006cc100000|  0%| F|  |TS  0|AC  0|TAMS 0x00000006cc000000, 0x00000006cc000000|
| 101|0x00000006cc100000, 0x00000006cc100000, 0x00000006cc200000|  0%| F|  |TS  0|AC  0|TAMS 0x00000006cc100000, 0x00000006cc100000|
| 102|0x00000006cc200000, 0x00000006cc200000, 0x00000006cc300000|  0%| F|  |TS  0|AC  0|TAMS 0x00000006cc200000, 0x00000006cc200000|
| 103|0x00000006cc300000, 0x00000006cc300000, 0x00000006cc400000|  0%| F|  |TS  0|AC  0|TAMS 0x00000006cc300000, 0x00000006cc300000|
| 104|0x00000006cc400000, 0x00000006cc400000, 0x00000006cc500000|  0%| F|  |TS  0|AC  0|TAMS 0x00000006cc400000, 0x00000006cc400000|
| 105|0x00000006cc500000, 0x00000006cc500000, 0x00000006cc600000|  0%| F|  |TS  0|AC  0|TAMS 0x00000006cc500000, 0x00000006cc500000|
| 106|0x00000006cc600000, 0x00000006cc600000, 0x00000006cc700000|  0%| F|  |TS  0|AC  0|TAMS 0x00000006cc600000, 0x00000006cc600000|
| 107|0x00000006cc700000, 0x00000006cc700000, 0x00000006cc800000|  0%| F|  |TS  0|AC  0|TAMS 0x00000006cc700000, 0x00000006cc700000|
| 108|0x00000006cc800000, 0x00000006cc800000, 0x00000006cc900000|  0%| F|  |TS  0|AC  0|TAMS 0x00000006cc800000, 0x00000006cc800000|
| 109|0x00000006cc900000, 0x00000006cc900000, 0x00000006cca00000|  0%| F|  |TS  0|AC  0|TAMS 0x00000006cc900000, 0x00000006cc900000|
| 110|0x00000006cca00000, 0x00000006cca00000, 0x00000006ccb00000|  0%| F|  |TS  0|AC  0|TAMS 0x00000006cca00000, 0x00000006cca00000|
| 111|0x00000006ccb00000, 0x00000006ccb00000, 0x00000006ccc00000|  0%| F|  |TS  0|AC  0|TAMS 0x00000006ccb00000, 0x00000006ccb00000|
| 112|0x00000006ccc00000, 0x00000006ccc00000, 0x00000006ccd00000|  0%| F|  |TS  0|AC  0|TAMS 0x00000006ccc00000, 0x00000006ccc00000|
| 113|0x00000006ccd00000, 0x00000006ccd00000, 0x00000006cce00000|  0%| F|  |TS  0|AC  0|TAMS 0x00000006ccd00000, 0x00000006ccd00000|
| 114|0x00000006cce00000, 0x00000006cce00000, 0x00000006ccf00000|  0%| F|  |TS  0|AC  0|TAMS 0x00000006cce00000, 0x00000006cce00000|
| 115|0x00000006ccf00000, 0x00000006ccf00000, 0x00000006cd000000|  0%| F|  |TS  0|AC  0|TAMS 0x00000006ccf00000, 0x00000006ccf00000|
| 116|0x00000006cd000000, 0x00000006cd000000, 0x00000006cd100000|  0%| F|  |TS  0|AC  0|TAMS 0x00000006cd000000, 0x00000006cd000000|
| 117|0x00000006cd100000, 0x00000006cd100000, 0x00000006cd200000|  0%| F|  |TS  0|AC  0|TAMS 0x00000006cd100000, 0x00000006cd100000|
| 118|0x00000006cd200000, 0x00000006cd200000, 0x00000006cd300000|  0%| F|  |TS  0|AC  0|TAMS 0x00000006cd200000, 0x00000006cd200000|
| 119|0x00000006cd300000, 0x00000006cd300000, 0x00000006cd400000|  0%| F|  |TS  0|AC  0|TAMS 0x00000006cd300000, 0x00000006cd300000|
| 120|0x00000006cd400000, 0x00000006cd400000, 0x00000006cd500000|  0%| F|  |TS  0|AC  0|TAMS 0x00000006cd400000, 0x00000006cd400000|
| 121|0x00000006cd500000, 0x00000006cd500000, 0x00000006cd600000|  0%| F|  |TS  0|AC  0|TAMS 0x00000006cd500000, 0x00000006cd500000|
| 122|0x00000006cd600000, 0x00000006cd600000, 0x00000006cd700000|  0%| F|  |TS  0|AC  0|TAMS 0x00000006cd600000, 0x00000006cd600000|
| 123|0x00000006cd700000, 0x00000006cd700000, 0x00000006cd800000|  0%| F|  |TS  0|AC  0|TAMS 0x00000006cd700000, 0x00000006cd700000|
| 124|0x00000006cd800000, 0x00000006cd800000, 0x00000006cd900000|  0%| F|  |TS  0|AC  0|TAMS 0x00000006cd800000, 0x00000006cd800000|
| 125|0x00000006cd900000, 0x00000006cd900000, 0x00000006cda00000|  0%| F|  |TS  0|AC  0|TAMS 0x00000006cd900000, 0x00000006cd900000|
| 126|0x00000006cda00000, 0x00000006cda00000, 0x00000006cdb00000|  0%| F|  |TS  0|AC  0|TAMS 0x00000006cda00000, 0x00000006cda00000|
| 127|0x00000006cdb00000, 0x00000006cdb00000, 0x00000006cdc00000|  0%| F|  |TS  0|AC  0|TAMS 0x00000006cdb00000, 0x00000006cdb00000|
| 128|0x00000006cdc00000, 0x00000006cdc00000, 0x00000006cdd00000|  0%| F|  |TS  0|AC  0|TAMS 0x00000006cdc00000, 0x00000006cdc00000|
| 129|0x00000006cdd00000, 0x00000006cdd00000, 0x00000006cde00000|  0%| F|  |TS  0|AC  0|TAMS 0x00000006cdd00000, 0x00000006cdd00000|
| 130|0x00000006cde00000, 0x00000006cde00000, 0x00000006cdf00000|  0%| F|  |TS  0|AC  0|TAMS 0x00000006cde00000, 0x00000006cde00000|
| 131|0x00000006cdf00000, 0x00000006cdf00000, 0x00000006ce000000|  0%| F|  |TS  0|AC  0|TAMS 0x00000006cdf00000, 0x00000006cdf00000|
| 132|0x00000006ce000000, 0x00000006ce000000, 0x00000006ce100000|  0%| F|  |TS  0|AC  0|TAMS 0x00000006ce000000, 0x00000006ce000000|
| 133|0x00000006ce100000, 0x00000006ce100000, 0x00000006ce200000|  0%| F|  |TS  0|AC  0|TAMS 0x00000006ce100000, 0x00000006ce100000|
| 134|0x00000006ce200000, 0x00000006ce200000, 0x00000006ce300000|  0%| F|  |TS  0|AC  0|TAMS 0x00000006ce200000, 0x00000006ce200000|
| 135|0x00000006ce300000, 0x00000006ce300000, 0x00000006ce400000|  0%| F|  |TS  0|AC  0|TAMS 0x00000006ce300000, 0x00000006ce300000|
| 136|0x00000006ce400000, 0x00000006ce400000, 0x00000006ce500000|  0%| F|  |TS  0|AC  0|TAMS 0x00000006ce400000, 0x00000006ce400000|
| 137|0x00000006ce500000, 0x00000006ce500000, 0x00000006ce600000|  0%| F|  |TS  0|AC  0|TAMS 0x00000006ce500000, 0x00000006ce500000|
| 138|0x00000006ce600000, 0x00000006ce600000, 0x00000006ce700000|  0%| F|  |TS  0|AC  0|TAMS 0x00000006ce600000, 0x00000006ce600000|
| 139|0x00000006ce700000, 0x00000006ce700000, 0x00000006ce800000|  0%| F|  |TS  0|AC  0|TAMS 0x00000006ce700000, 0x00000006ce700000|
| 140|0x00000006ce800000, 0x00000006ce800000, 0x00000006ce900000|  0%| F|  |TS  0|AC  0|TAMS 0x00000006ce800000, 0x00000006ce800000|
| 141|0x00000006ce900000, 0x00000006ce900000, 0x00000006cea00000|  0%| F|  |TS  0|AC  0|TAMS 0x00000006ce900000, 0x00000006ce900000|
| 142|0x00000006cea00000, 0x00000006cea00000, 0x00000006ceb00000|  0%| F|  |TS  0|AC  0|TAMS 0x00000006cea00000, 0x00000006cea00000|
| 143|0x00000006ceb00000, 0x00000006ceb00000, 0x00000006cec00000|  0%| F|  |TS  0|AC  0|TAMS 0x00000006ceb00000, 0x00000006ceb00000|
| 144|0x00000006cec00000, 0x00000006cec00000, 0x00000006ced00000|  0%| F|  |TS  0|AC  0|TAMS 0x00000006cec00000, 0x00000006cec00000|
| 145|0x00000006ced00000, 0x00000006ced00000, 0x00000006cee00000|  0%| F|  |TS  0|AC  0|TAMS 0x00000006ced00000, 0x00000006ced00000|
| 146|0x00000006cee00000, 0x00000006cee00000, 0x00000006cef00000|  0%| F|  |TS  0|AC  0|TAMS 0x00000006cee00000, 0x00000006cee00000|
| 147|0x00000006cef00000, 0x00000006cef00000, 0x00000006cf000000|  0%| F|  |TS  0|AC  0|TAMS 0x00000006cef00000, 0x00000006cef00000|
| 148|0x00000006cf000000, 0x00000006cf000000, 0x00000006cf100000|  0%| F|  |TS  0|AC  0|TAMS 0x00000006cf000000, 0x00000006cf000000|
| 149|0x00000006cf100000, 0x00000006cf100000, 0x00000006cf200000|  0%| F|  |TS  0|AC  0|TAMS 0x00000006cf100000, 0x00000006cf100000|
| 150|0x00000006cf200000, 0x00000006cf200000, 0x00000006cf300000|  0%| F|  |TS  0|AC  0|TAMS 0x00000006cf200000, 0x00000006cf200000|
| 151|0x00000006cf300000, 0x00000006cf300000, 0x00000006cf400000|  0%| F|  |TS  0|AC  0|TAMS 0x00000006cf300000, 0x00000006cf300000|
| 152|0x00000006cf400000, 0x00000006cf400000, 0x00000006cf500000|  0%| F|  |TS  0|AC  0|TAMS 0x00000006cf400000, 0x00000006cf400000|
| 153|0x00000006cf500000, 0x00000006cf500000, 0x00000006cf600000|  0%| F|  |TS  0|AC  0|TAMS 0x00000006cf500000, 0x00000006cf500000|
| 154|0x00000006cf600000, 0x00000006cf600000, 0x00000006cf700000|  0%| F|  |TS  0|AC  0|TAMS 0x00000006cf600000, 0x00000006cf600000|
| 155|0x00000006cf700000, 0x00000006cf700000, 0x00000006cf800000|  0%| F|  |TS  0|AC  0|TAMS 0x00000006cf700000, 0x00000006cf700000|
| 156|0x00000006cf800000, 0x00000006cf800000, 0x00000006cf900000|  0%| F|  |TS  1|AC  0|TAMS 0x00000006cf800000, 0x00000006cf800000|
| 157|0x00000006cf900000, 0x00000006cf900000, 0x00000006cfa00000|  0%| F|  |TS  1|AC  0|TAMS 0x00000006cf900000, 0x00000006cf900000|
| 158|0x00000006cfa00000, 0x00000006cfa00000, 0x00000006cfb00000|  0%| F|  |TS  1|AC  0|TAMS 0x00000006cfa00000, 0x00000006cfa00000|
| 159|0x00000006cfb00000, 0x00000006cfb00000, 0x00000006cfc00000|  0%| F|  |TS  1|AC  0|TAMS 0x00000006cfb00000, 0x00000006cfb00000|
| 160|0x00000006cfc00000, 0x00000006cfc00000, 0x00000006cfd00000|  0%| F|  |TS  1|AC  0|TAMS 0x00000006cfc00000, 0x00000006cfc00000|
| 161|0x00000006cfd00000, 0x00000006cfd00000, 0x00000006cfe00000|  0%| F|  |TS  1|AC  0|TAMS 0x00000006cfd00000, 0x00000006cfd00000|
| 162|0x00000006cfe00000, 0x00000006cfe00000, 0x00000006cff00000|  0%| F|  |TS  1|AC  0|TAMS 0x00000006cfe00000, 0x00000006cfe00000|
| 163|0x00000006cff00000, 0x00000006cff00000, 0x00000006d0000000|  0%| F|  |TS  1|AC  0|TAMS 0x00000006cff00000, 0x00000006cff00000|
| 164|0x00000006d0000000, 0x00000006d0000000, 0x00000006d0100000|  0%| F|  |TS  1|AC  0|TAMS 0x00000006d0000000, 0x00000006d0000000|
| 165|0x00000006d0100000, 0x00000006d0100000, 0x00000006d0200000|  0%| F|  |TS  1|AC  0|TAMS 0x00000006d0100000, 0x00000006d0100000|
| 166|0x00000006d0200000, 0x00000006d0200000, 0x00000006d0300000|  0%| F|  |TS  1|AC  0|TAMS 0x00000006d0200000, 0x00000006d0200000|
| 167|0x00000006d0300000, 0x00000006d0300000, 0x00000006d0400000|  0%| F|  |TS  1|AC  0|TAMS 0x00000006d0300000, 0x00000006d0300000|
| 168|0x00000006d0400000, 0x00000006d0400000, 0x00000006d0500000|  0%| F|  |TS  1|AC  0|TAMS 0x00000006d0400000, 0x00000006d0400000|
| 169|0x00000006d0500000, 0x00000006d0500000, 0x00000006d0600000|  0%| F|  |TS  1|AC  0|TAMS 0x00000006d0500000, 0x00000006d0500000|
| 170|0x00000006d0600000, 0x00000006d0600000, 0x00000006d0700000|  0%| F|  |TS  0|AC  0|TAMS 0x00000006d0600000, 0x00000006d0600000|
| 171|0x00000006d0700000, 0x00000006d0700000, 0x00000006d0800000|  0%| F|  |TS  0|AC  0|TAMS 0x00000006d0700000, 0x00000006d0700000|
| 172|0x00000006d0800000, 0x00000006d08e9548, 0x00000006d0900000| 91%| S|CS|TS  1|AC  0|TAMS 0x00000006d0800000, 0x00000006d0800000|
| 173|0x00000006d0900000, 0x00000006d0a00000, 0x00000006d0a00000|100%| S|CS|TS  1|AC  0|TAMS 0x00000006d0900000, 0x00000006d0900000|
| 174|0x00000006d0a00000, 0x00000006d0b00000, 0x00000006d0b00000|100%| S|CS|TS  1|AC  0|TAMS 0x00000006d0a00000, 0x00000006d0a00000|
| 175|0x00000006d0b00000, 0x00000006d0c00000, 0x00000006d0c00000|100%| S|CS|TS  1|AC  0|TAMS 0x00000006d0b00000, 0x00000006d0b00000|
| 176|0x00000006d0c00000, 0x00000006d0d00000, 0x00000006d0d00000|100%| S|CS|TS  1|AC  0|TAMS 0x00000006d0c00000, 0x00000006d0c00000|
| 177|0x00000006d0d00000, 0x00000006d0e00000, 0x00000006d0e00000|100%| S|CS|TS  1|AC  0|TAMS 0x00000006d0d00000, 0x00000006d0d00000|
| 178|0x00000006d0e00000, 0x00000006d0f00000, 0x00000006d0f00000|100%| S|CS|TS  1|AC  0|TAMS 0x00000006d0e00000, 0x00000006d0e00000|
| 179|0x00000006d0f00000, 0x00000006d0f00000, 0x00000006d1000000|  0%| F|  |TS  1|AC  0|TAMS 0x00000006d0f00000, 0x00000006d0f00000|
| 180|0x00000006d1000000, 0x00000006d1000000, 0x00000006d1100000|  0%| F|  |TS  1|AC  0|TAMS 0x00000006d1000000, 0x00000006d1000000|
| 181|0x00000006d1100000, 0x00000006d1100000, 0x00000006d1200000|  0%| F|  |TS  1|AC  0|TAMS 0x00000006d1100000, 0x00000006d1100000|
| 182|0x00000006d1200000, 0x00000006d1200000, 0x00000006d1300000|  0%| F|  |TS  1|AC  0|TAMS 0x00000006d1200000, 0x00000006d1200000|
| 183|0x00000006d1300000, 0x00000006d1300000, 0x00000006d1400000|  0%| F|  |TS  1|AC  0|TAMS 0x00000006d1300000, 0x00000006d1300000|
| 184|0x00000006d1400000, 0x00000006d1400000, 0x00000006d1500000|  0%| F|  |TS  1|AC  0|TAMS 0x00000006d1400000, 0x00000006d1400000|
| 185|0x00000006d1500000, 0x00000006d1500000, 0x00000006d1600000|  0%| F|  |TS  1|AC  0|TAMS 0x00000006d1500000, 0x00000006d1500000|
| 186|0x00000006d1600000, 0x00000006d1600000, 0x00000006d1700000|  0%| F|  |TS  1|AC  0|TAMS 0x00000006d1600000, 0x00000006d1600000|
| 187|0x00000006d1700000, 0x00000006d1700000, 0x00000006d1800000|  0%| F|  |TS  1|AC  0|TAMS 0x00000006d1700000, 0x00000006d1700000|
| 188|0x00000006d1800000, 0x00000006d1800000, 0x00000006d1900000|  0%| F|  |TS  1|AC  0|TAMS 0x00000006d1800000, 0x00000006d1800000|
| 189|0x00000006d1900000, 0x00000006d1900000, 0x00000006d1a00000|  0%| F|  |TS  1|AC  0|TAMS 0x00000006d1900000, 0x00000006d1900000|
| 190|0x00000006d1a00000, 0x00000006d1a00000, 0x00000006d1b00000|  0%| F|  |TS  1|AC  0|TAMS 0x00000006d1a00000, 0x00000006d1a00000|
| 191|0x00000006d1b00000, 0x00000006d1b00000, 0x00000006d1c00000|  0%| F|  |TS  1|AC  0|TAMS 0x00000006d1b00000, 0x00000006d1b00000|
| 192|0x00000006d1c00000, 0x00000006d1c00000, 0x00000006d1d00000|  0%| F|  |TS  1|AC  0|TAMS 0x00000006d1c00000, 0x00000006d1c00000|
| 193|0x00000006d1d00000, 0x00000006d1d00000, 0x00000006d1e00000|  0%| F|  |TS  1|AC  0|TAMS 0x00000006d1d00000, 0x00000006d1d00000|
| 194|0x00000006d1e00000, 0x00000006d1e00000, 0x00000006d1f00000|  0%| F|  |TS  1|AC  0|TAMS 0x00000006d1e00000, 0x00000006d1e00000|
| 195|0x00000006d1f00000, 0x00000006d1f00000, 0x00000006d2000000|  0%| F|  |TS  1|AC  0|TAMS 0x00000006d1f00000, 0x00000006d1f00000|
| 196|0x00000006d2000000, 0x00000006d2000000, 0x00000006d2100000|  0%| F|  |TS  1|AC  0|TAMS 0x00000006d2000000, 0x00000006d2000000|
| 197|0x00000006d2100000, 0x00000006d2100000, 0x00000006d2200000|  0%| F|  |TS  1|AC  0|TAMS 0x00000006d2100000, 0x00000006d2100000|
| 198|0x00000006d2200000, 0x00000006d2200000, 0x00000006d2300000|  0%| F|  |TS  1|AC  0|TAMS 0x00000006d2200000, 0x00000006d2200000|
| 199|0x00000006d2300000, 0x00000006d2300000, 0x00000006d2400000|  0%| F|  |TS  1|AC  0|TAMS 0x00000006d2300000, 0x00000006d2300000|
| 200|0x00000006d2400000, 0x00000006d2400000, 0x00000006d2500000|  0%| F|  |TS  1|AC  0|TAMS 0x00000006d2400000, 0x00000006d2400000|
| 201|0x00000006d2500000, 0x00000006d2500000, 0x00000006d2600000|  0%| F|  |TS  1|AC  0|TAMS 0x00000006d2500000, 0x00000006d2500000|
| 202|0x00000006d2600000, 0x00000006d2600000, 0x00000006d2700000|  0%| F|  |TS  1|AC  0|TAMS 0x00000006d2600000, 0x00000006d2600000|
| 203|0x00000006d2700000, 0x00000006d2700000, 0x00000006d2800000|  0%| F|  |TS  1|AC  0|TAMS 0x00000006d2700000, 0x00000006d2700000|
| 204|0x00000006d2800000, 0x00000006d2800000, 0x00000006d2900000|  0%| F|  |TS  1|AC  0|TAMS 0x00000006d2800000, 0x00000006d2800000|
| 205|0x00000006d2900000, 0x00000006d2900000, 0x00000006d2a00000|  0%| F|  |TS  1|AC  0|TAMS 0x00000006d2900000, 0x00000006d2900000|
| 206|0x00000006d2a00000, 0x00000006d2a00000, 0x00000006d2b00000|  0%| F|  |TS  1|AC  0|TAMS 0x00000006d2a00000, 0x00000006d2a00000|
| 207|0x00000006d2b00000, 0x00000006d2b00000, 0x00000006d2c00000|  0%| F|  |TS  1|AC  0|TAMS 0x00000006d2b00000, 0x00000006d2b00000|
| 208|0x00000006d2c00000, 0x00000006d2c00000, 0x00000006d2d00000|  0%| F|  |TS  1|AC  0|TAMS 0x00000006d2c00000, 0x00000006d2c00000|
| 209|0x00000006d2d00000, 0x00000006d2d00000, 0x00000006d2e00000|  0%| F|  |TS  1|AC  0|TAMS 0x00000006d2d00000, 0x00000006d2d00000|
| 210|0x00000006d2e00000, 0x00000006d2e00000, 0x00000006d2f00000|  0%| F|  |TS  1|AC  0|TAMS 0x00000006d2e00000, 0x00000006d2e00000|
| 211|0x00000006d2f00000, 0x00000006d2f00000, 0x00000006d3000000|  0%| F|  |TS  1|AC  0|TAMS 0x00000006d2f00000, 0x00000006d2f00000|
| 212|0x00000006d3000000, 0x00000006d3000000, 0x00000006d3100000|  0%| F|  |TS  1|AC  0|TAMS 0x00000006d3000000, 0x00000006d3000000|
| 213|0x00000006d3100000, 0x00000006d3100000, 0x00000006d3200000|  0%| F|  |TS  1|AC  0|TAMS 0x00000006d3100000, 0x00000006d3100000|
| 214|0x00000006d3200000, 0x00000006d3200000, 0x00000006d3300000|  0%| F|  |TS  1|AC  0|TAMS 0x00000006d3200000, 0x00000006d3200000|
| 215|0x00000006d3300000, 0x00000006d3300000, 0x00000006d3400000|  0%| F|  |TS  1|AC  0|TAMS 0x00000006d3300000, 0x00000006d3300000|
| 216|0x00000006d3400000, 0x00000006d3400000, 0x00000006d3500000|  0%| F|  |TS  1|AC  0|TAMS 0x00000006d3400000, 0x00000006d3400000|
| 217|0x00000006d3500000, 0x00000006d3500000, 0x00000006d3600000|  0%| F|  |TS  1|AC  0|TAMS 0x00000006d3500000, 0x00000006d3500000|
| 218|0x00000006d3600000, 0x00000006d3600000, 0x00000006d3700000|  0%| F|  |TS  1|AC  0|TAMS 0x00000006d3600000, 0x00000006d3600000|
| 219|0x00000006d3700000, 0x00000006d3700000, 0x00000006d3800000|  0%| F|  |TS  1|AC  0|TAMS 0x00000006d3700000, 0x00000006d3700000|
| 220|0x00000006d3800000, 0x00000006d3800000, 0x00000006d3900000|  0%| F|  |TS  1|AC  0|TAMS 0x00000006d3800000, 0x00000006d3800000|
| 221|0x00000006d3900000, 0x00000006d3900000, 0x00000006d3a00000|  0%| F|  |TS  1|AC  0|TAMS 0x00000006d3900000, 0x00000006d3900000|
| 222|0x00000006d3a00000, 0x00000006d3a00000, 0x00000006d3b00000|  0%| F|  |TS  1|AC  0|TAMS 0x00000006d3a00000, 0x00000006d3a00000|
| 223|0x00000006d3b00000, 0x00000006d3b00000, 0x00000006d3c00000|  0%| F|  |TS  1|AC  0|TAMS 0x00000006d3b00000, 0x00000006d3b00000|
| 224|0x00000006d3c00000, 0x00000006d3c00000, 0x00000006d3d00000|  0%| F|  |TS  1|AC  0|TAMS 0x00000006d3c00000, 0x00000006d3c00000|
| 225|0x00000006d3d00000, 0x00000006d3d00000, 0x00000006d3e00000|  0%| F|  |TS  1|AC  0|TAMS 0x00000006d3d00000, 0x00000006d3d00000|
| 226|0x00000006d3e00000, 0x00000006d3e00000, 0x00000006d3f00000|  0%| F|  |TS  1|AC  0|TAMS 0x00000006d3e00000, 0x00000006d3e00000|
| 227|0x00000006d3f00000, 0x00000006d3f00000, 0x00000006d4000000|  0%| F|  |TS  1|AC  0|TAMS 0x00000006d3f00000, 0x00000006d3f00000|
| 228|0x00000006d4000000, 0x00000006d4000000, 0x00000006d4100000|  0%| F|  |TS  1|AC  0|TAMS 0x00000006d4000000, 0x00000006d4000000|
| 229|0x00000006d4100000, 0x00000006d4100000, 0x00000006d4200000|  0%| F|  |TS  1|AC  0|TAMS 0x00000006d4100000, 0x00000006d4100000|
| 230|0x00000006d4200000, 0x00000006d4200000, 0x00000006d4300000|  0%| F|  |TS  1|AC  0|TAMS 0x00000006d4200000, 0x00000006d4200000|
| 231|0x00000006d4300000, 0x00000006d4300000, 0x00000006d4400000|  0%| F|  |TS  1|AC  0|TAMS 0x00000006d4300000, 0x00000006d4300000|
| 232|0x00000006d4400000, 0x00000006d4400000, 0x00000006d4500000|  0%| F|  |TS  1|AC  0|TAMS 0x00000006d4400000, 0x00000006d4400000|
| 233|0x00000006d4500000, 0x00000006d4500000, 0x00000006d4600000|  0%| F|  |TS  1|AC  0|TAMS 0x00000006d4500000, 0x00000006d4500000|
| 234|0x00000006d4600000, 0x00000006d4600000, 0x00000006d4700000|  0%| F|  |TS  1|AC  0|TAMS 0x00000006d4600000, 0x00000006d4600000|
| 235|0x00000006d4700000, 0x00000006d4800000, 0x00000006d4800000|100%| E|  |TS  1|AC  0|TAMS 0x00000006d4700000, 0x00000006d4700000|
| 236|0x00000006d4800000, 0x00000006d4900000, 0x00000006d4900000|100%| E|CS|TS  1|AC  0|TAMS 0x00000006d4800000, 0x00000006d4800000|
| 237|0x00000006d4900000, 0x00000006d4a00000, 0x00000006d4a00000|100%| E|CS|TS  1|AC  0|TAMS 0x00000006d4900000, 0x00000006d4900000|
| 238|0x00000006d4a00000, 0x00000006d4b00000, 0x00000006d4b00000|100%| E|CS|TS  1|AC  0|TAMS 0x00000006d4a00000, 0x00000006d4a00000|
| 239|0x00000006d4b00000, 0x00000006d4c00000, 0x00000006d4c00000|100%| E|CS|TS  1|AC  0|TAMS 0x00000006d4b00000, 0x00000006d4b00000|
| 240|0x00000006d4c00000, 0x00000006d4d00000, 0x00000006d4d00000|100%| E|CS|TS  1|AC  0|TAMS 0x00000006d4c00000, 0x00000006d4c00000|
| 241|0x00000006d4d00000, 0x00000006d4e00000, 0x00000006d4e00000|100%| E|CS|TS  1|AC  0|TAMS 0x00000006d4d00000, 0x00000006d4d00000|
| 242|0x00000006d4e00000, 0x00000006d4f00000, 0x00000006d4f00000|100%| E|CS|TS  1|AC  0|TAMS 0x00000006d4e00000, 0x00000006d4e00000|
| 243|0x00000006d4f00000, 0x00000006d5000000, 0x00000006d5000000|100%| E|CS|TS  1|AC  0|TAMS 0x00000006d4f00000, 0x00000006d4f00000|
| 244|0x00000006d5000000, 0x00000006d5100000, 0x00000006d5100000|100%| E|CS|TS  1|AC  0|TAMS 0x00000006d5000000, 0x00000006d5000000|
| 245|0x00000006d5100000, 0x00000006d5200000, 0x00000006d5200000|100%| E|CS|TS  1|AC  0|TAMS 0x00000006d5100000, 0x00000006d5100000|
| 246|0x00000006d5200000, 0x00000006d5300000, 0x00000006d5300000|100%| E|CS|TS  1|AC  0|TAMS 0x00000006d5200000, 0x00000006d5200000|
| 247|0x00000006d5300000, 0x00000006d5400000, 0x00000006d5400000|100%| E|CS|TS  1|AC  0|TAMS 0x00000006d5300000, 0x00000006d5300000|
| 248|0x00000006d5400000, 0x00000006d5500000, 0x00000006d5500000|100%| E|CS|TS  1|AC  0|TAMS 0x00000006d5400000, 0x00000006d5400000|
| 249|0x00000006d5500000, 0x00000006d5600000, 0x00000006d5600000|100%| E|CS|TS  1|AC  0|TAMS 0x00000006d5500000, 0x00000006d5500000|
| 250|0x00000006d5600000, 0x00000006d5700000, 0x00000006d5700000|100%| E|CS|TS  1|AC  0|TAMS 0x00000006d5600000, 0x00000006d5600000|
| 251|0x00000006d5700000, 0x00000006d5800000, 0x00000006d5800000|100%| E|CS|TS  1|AC  0|TAMS 0x00000006d5700000, 0x00000006d5700000|

Card table byte_map: [0x0000021834710000,0x0000021834ef0000] byte_map_base: 0x00000218310e2000

Marking Bits (Prev, Next): (CMBitMap*) 0x000002183d4760e8, (CMBitMap*) 0x000002183d4760b0
 Prev Bits: [0x0000021839560000, 0x000002183d3f0000)
 Next Bits: [0x00000218356d0000, 0x0000021839560000)

Polling page: 0x0000021817d70000

CodeHeap 'non-profiled nmethods': size=120000Kb used=2060Kb max_used=2060Kb free=117939Kb
 bounds [0x000002182b7c0000, 0x000002182ba30000, 0x0000021832cf0000]
CodeHeap 'profiled nmethods': size=120000Kb used=9413Kb max_used=9413Kb free=110586Kb
 bounds [0x0000021824290000, 0x0000021824bd0000, 0x000002182b7c0000]
CodeHeap 'non-nmethods': size=5760Kb used=1257Kb max_used=1296Kb free=4502Kb
 bounds [0x0000021823cf0000, 0x0000021823f60000, 0x0000021824290000]
 total_blobs=5311 nmethods=3965 adapters=345
 compilation: enabled

Compilation events (10 events):
Event: 4.589 Thread 0x00000218408cb000 nmethod 3958 0x000002182b9c2610 code [0x000002182b9c27c0, 0x000002182b9c2938]
Event: 4.594 Thread 0x00000218408cb000 3959   !   3       jdk.internal.reflect.GeneratedMethodAccessor4::invoke (61 bytes)
Event: 4.595 Thread 0x00000218408cb000 nmethod 3959 0x0000021824bb1790 code [0x0000021824bb19c0, 0x0000021824bb2050]
Event: 4.595 Thread 0x00000218408cb000 3960       3       org.apache.maven.model.interpolation.StringVisitorModelInterpolator$ModelVisitor::visit (142 bytes)
Event: 4.597 Thread 0x00000218408cb000 nmethod 3960 0x0000021824bb2310 code [0x0000021824bb2600, 0x0000021824bb3970]
Event: 4.597 Thread 0x00000218408cb000 3961       3       org.apache.maven.model.merge.ModelMerger::mergeDependency_SystemPath (43 bytes)
Event: 4.597 Thread 0x00000218408cb000 nmethod 3961 0x0000021824bb3e90 code [0x0000021824bb4060, 0x0000021824bb43c0]
Event: 4.597 Thread 0x00000218408cb000 3962       3       org.apache.maven.model.Dependency::getLocation (366 bytes)
Event: 4.599 Thread 0x00000218408cb000 nmethod 3962 0x0000021824bb4510 code [0x0000021824bb4800, 0x0000021824bb5dd0]
Event: 4.599 Thread 0x00000218408cb000 3963       3       org.apache.maven.model.Dependency::setLocation (390 bytes)

GC Heap History (6 events):
Event: 1.084 GC heap before
{Heap before GC invocations=0 (full 0):
 garbage-first heap   total 258048K, used 24576K [0x00000006c5c00000, 0x00000006c5d007e0, 0x00000007c0000000)
  region size 1024K, 24 young (24576K), 0 survivors (0K)
 Metaspace       used 12403K, capacity 12704K, committed 12928K, reserved 1060864K
  class space    used 1285K, capacity 1385K, committed 1408K, reserved 1048576K
}
Event: 1.090 GC heap after
{Heap after GC invocations=1 (full 0):
 garbage-first heap   total 258048K, used 6488K [0x00000006c5c00000, 0x00000006c5d007e0, 0x00000007c0000000)
  region size 1024K, 3 young (3072K), 3 survivors (3072K)
 Metaspace       used 12403K, capacity 12704K, committed 12928K, reserved 1060864K
  class space    used 1285K, capacity 1385K, committed 1408K, reserved 1048576K
}
Event: 2.463 GC heap before
{Heap before GC invocations=1 (full 0):
 garbage-first heap   total 258048K, used 86360K [0x00000006c5c00000, 0x00000006c5d007e0, 0x00000007c0000000)
  region size 1024K, 82 young (83968K), 3 survivors (3072K)
 Metaspace       used 20593K, capacity 21094K, committed 21248K, reserved 1069056K
  class space    used 2315K, capacity 2468K, committed 2560K, reserved 1048576K
}
Event: 2.481 GC heap after
{Heap after GC invocations=2 (full 0):
 garbage-first heap   total 258048K, used 17747K [0x00000006c5c00000, 0x00000006c5d007e0, 0x00000007c0000000)
  region size 1024K, 14 young (14336K), 14 survivors (14336K)
 Metaspace       used 20593K, capacity 21094K, committed 21248K, reserved 1069056K
  class space    used 2315K, capacity 2468K, committed 2560K, reserved 1048576K
}
Event: 4.270 GC heap before
{Heap before GC invocations=3 (full 0):
 garbage-first heap   total 258048K, used 90107K [0x00000006c5c00000, 0x00000006c5d007e0, 0x00000007c0000000)
  region size 1024K, 87 young (89088K), 14 survivors (14336K)
 Metaspace       used 23224K, capacity 24116K, committed 24320K, reserved 1071104K
  class space    used 2552K, capacity 2761K, committed 2816K, reserved 1048576K
}
Event: 4.292 GC heap after
{Heap after GC invocations=4 (full 0):
 garbage-first heap   total 258048K, used 14119K [0x00000006c5c00000, 0x00000006c5d007e0, 0x00000007c0000000)
  region size 1024K, 7 young (7168K), 7 survivors (7168K)
 Metaspace       used 23224K, capacity 24116K, committed 24320K, reserved 1071104K
  class space    used 2552K, capacity 2761K, committed 2816K, reserved 1048576K
}

Deoptimization events (10 events):
Event: 3.266 Thread 0x0000021817dc2000 Uncommon trap: reason=unstable_if action=reinterpret pc=0x000002182b9195ec method=org.codehaus.plexus.util.xml.pull.MXParser.isValidCodePoint(I)Z @ 3 c2
Event: 3.385 Thread 0x0000021817dc2000 Uncommon trap: reason=unstable_if action=reinterpret pc=0x000002182b857b90 method=java.lang.String.regionMatches(ZILjava/lang/String;II)Z @ 21 c2
Event: 3.437 Thread 0x0000021817dc2000 Uncommon trap: reason=class_check action=maybe_recompile pc=0x000002182b811b38 method=java.util.concurrent.ConcurrentHashMap.putVal(Ljava/lang/Object;Ljava/lang/Object;Z)Ljava/lang/Object; @ 242 c2
Event: 3.449 Thread 0x0000021817dc2000 Uncommon trap: reason=predicate action=maybe_recompile pc=0x000002182b82b038 method=java.nio.charset.CharsetDecoder.decode(Ljava/nio/ByteBuffer;Ljava/nio/CharBuffer;Z)Ljava/nio/charset/CoderResult; @ 54 c2
Event: 3.609 Thread 0x0000021817dc2000 Uncommon trap: reason=unstable_if action=reinterpret pc=0x000002182b96a64c method=org.codehaus.plexus.util.xml.pull.MXParser.parseAttribute()C @ 779 c2
Event: 3.657 Thread 0x0000021817dc2000 Uncommon trap: reason=class_check action=maybe_recompile pc=0x000002182b811b38 method=java.util.concurrent.ConcurrentHashMap.putVal(Ljava/lang/Object;Ljava/lang/Object;Z)Ljava/lang/Object; @ 242 c2
Event: 3.817 Thread 0x0000021817dc2000 Uncommon trap: reason=class_check action=maybe_recompile pc=0x000002182b811b38 method=java.util.concurrent.ConcurrentHashMap.putVal(Ljava/lang/Object;Ljava/lang/Object;Z)Ljava/lang/Object; @ 242 c2
Event: 3.835 Thread 0x0000021817dc2000 Uncommon trap: reason=unstable_if action=reinterpret pc=0x000002182b8814b8 method=java.util.concurrent.ConcurrentHashMap.get(Ljava/lang/Object;)Ljava/lang/Object; @ 152 c2
Event: 4.057 Thread 0x0000021817dc2000 Uncommon trap: reason=unstable_if action=reinterpret pc=0x000002182b926ac4 method=org.codehaus.plexus.util.xml.pull.MXParser.nextImpl()I @ 280 c2
Event: 4.558 Thread 0x0000021817dc2000 Uncommon trap: reason=null_check action=make_not_entrant pc=0x000002182b98127c method=org.eclipse.sisu.inject.LocatedBeans$Itr.hasNext()Z @ 48 c2

Classes redefined (0 events):
No events

Internal exceptions (10 events):
Event: 2.355 Thread 0x0000021817dc2000 Exception <a 'java/lang/NoSuchMethodError'{0x00000006d098d958}: java.lang.invoke.DirectMethodHandle$Holder.invokeVirtual(Ljava/lang/Object;Ljava/lang/Object;)V> (0x00000006d098d958) thrown at [t:/workspace/hotspot/src/share/vm/interpreter/linkResolver.cpp
Event: 2.387 Thread 0x0000021817dc2000 Exception <a 'java/lang/NoSuchMethodError'{0x00000006d09e7a88}: method resolution failed> (0x00000006d09e7a88) thrown at [t:/workspace/hotspot/src/share/vm/prims/methodHandles.cpp, line 1256]
Event: 2.388 Thread 0x0000021817dc2000 Exception <a 'java/lang/NoSuchMethodError'{0x00000006d09eb7f0}: java.lang.invoke.DirectMethodHandle$Holder.invokeStaticInit(Ljava/lang/Object;IIII)Ljava/lang/Object;> (0x00000006d09eb7f0) thrown at [t:/workspace/hotspot/src/share/vm/interpreter/linkResolv
Event: 2.494 Thread 0x0000021817dc2000 Exception <a 'java/lang/NoSuchMethodError'{0x00000006d57509a0}: java.lang.invoke.DirectMethodHandle$Holder.invokeSpecial(Ljava/lang/Object;Ljava/lang/Object;)V> (0x00000006d57509a0) thrown at [t:/workspace/hotspot/src/share/vm/interpreter/linkResolver.cpp
Event: 2.520 Thread 0x0000021817dc2000 Exception <a 'java/lang/NoSuchMethodError'{0x00000006d554d770}: method resolution failed> (0x00000006d554d770) thrown at [t:/workspace/hotspot/src/share/vm/prims/methodHandles.cpp, line 1256]
Event: 2.528 Thread 0x0000021817dc2000 Implicit null exception at 0x000002182b8b541c to 0x000002182b8b8de9
Event: 2.580 Thread 0x0000021817dc2000 Exception <a 'java/lang/NoSuchMethodError'{0x00000006d538afd0}: java.lang.invoke.DirectMethodHandle$Holder.invokeSpecial(Ljava/lang/Object;Ljava/lang/Object;Ljava/lang/Object;Ljava/lang/Object;Ljava/lang/Object;)V> (0x00000006d538afd0) thrown at [t:/works
Event: 2.585 Thread 0x0000021817dc2000 Exception <a 'java/lang/NoSuchMethodError'{0x00000006d53aae20}: java.lang.invoke.DirectMethodHandle$Holder.invokeVirtual(Ljava/lang/Object;Ljava/lang/Object;Ljava/lang/Object;)Ljava/lang/Object;> (0x00000006d53aae20) thrown at [t:/workspace/hotspot/src/sh
Event: 2.588 Thread 0x0000021817dc2000 Exception <a 'java/lang/NoSuchMethodError'{0x00000006d53c0398}: java.lang.invoke.DirectMethodHandle$Holder.invokeSpecial(Ljava/lang/Object;Ljava/lang/Object;Ljava/lang/Object;Ljava/lang/Object;Ljava/lang/Object;Ljava/lang/Object;)V> (0x00000006d53c0398) t
Event: 2.721 Thread 0x0000021817dc2000 Implicit null exception at 0x000002182b892c35 to 0x000002182b892e0e

Events (10 events):
Event: 4.368 loading class org/apache/maven/model/building/DefaultModelProblem done
Event: 4.370 loading class org/slf4j/helpers/MessageFormatter
Event: 4.370 loading class org/slf4j/helpers/MessageFormatter done
Event: 4.372 loading class org/slf4j/helpers/FormattingTuple
Event: 4.372 loading class org/slf4j/helpers/FormattingTuple done
Event: 4.379 loading class java/util/Collections$UnmodifiableList$1
Event: 4.380 loading class java/util/Collections$UnmodifiableList$1 done
Event: 4.558 Thread 0x0000021817dc2000 Uncommon trap: trap_request=0xfffffff4 fr.pc=0x000002182b98127c relative=0x000000000000325c
Event: 4.558 Thread 0x0000021817dc2000 DEOPT PACKING pc=0x000002182b98127c sp=0x000000f463cfc3b0
Event: 4.558 Thread 0x0000021817dc2000 DEOPT UNPACKING pc=0x0000021823d3df29 sp=0x000000f463cfc408 mode 2


Dynamic libraries:
0x00007ff60e180000 - 0x00007ff60e1be000 	C:\Java\jdk-9.0.1\bin\java.exe
0x00007ffb54ed0000 - 0x00007ffb550c8000 	C:\WINDOWS\SYSTEM32\ntdll.dll
0x00007ffb546d0000 - 0x00007ffb54791000 	C:\WINDOWS\System32\KERNEL32.DLL
0x00007ffb527d0000 - 0x00007ffb52acd000 	C:\WINDOWS\System32\KERNELBASE.dll
0x00007ffb54570000 - 0x00007ffb54620000 	C:\WINDOWS\System32\ADVAPI32.dll
0x00007ffb54620000 - 0x00007ffb546be000 	C:\WINDOWS\System32\msvcrt.dll
0x00007ffb54c10000 - 0x00007ffb54cb0000 	C:\WINDOWS\System32\sechost.dll
0x00007ffb54160000 - 0x00007ffb54283000 	C:\WINDOWS\System32\RPCRT4.dll
0x00007ffb527a0000 - 0x00007ffb527c7000 	C:\WINDOWS\System32\bcrypt.dll
0x00007ffb54a70000 - 0x00007ffb54c0d000 	C:\WINDOWS\System32\USER32.dll
0x00007ffb525d0000 - 0x00007ffb525f2000 	C:\WINDOWS\System32\win32u.dll
0x00007ffb53c60000 - 0x00007ffb53c8b000 	C:\WINDOWS\System32\GDI32.dll
0x00007ffb52ca0000 - 0x00007ffb52db7000 	C:\WINDOWS\System32\gdi32full.dll
0x00007ffb52600000 - 0x00007ffb5269d000 	C:\WINDOWS\System32\msvcp_win.dll
0x00007ffb526a0000 - 0x00007ffb527a0000 	C:\WINDOWS\System32\ucrtbase.dll
0x00007ffb2fbc0000 - 0x00007ffb2fe5a000 	C:\WINDOWS\WinSxS\amd64_microsoft.windows.common-controls_6595b64144ccf1df_6.0.19041.4355_none_60b8b9eb71f62e16\COMCTL32.dll
0x00007ffb4afc0000 - 0x00007ffb4afca000 	C:\WINDOWS\SYSTEM32\VERSION.dll
0x00007ffb54e60000 - 0x00007ffb54e8f000 	C:\WINDOWS\System32\IMM32.DLL
0x00007ffb15df0000 - 0x00007ffb15edf000 	C:\Java\jdk-9.0.1\bin\msvcr120.dll
0x00007ffb1da90000 - 0x00007ffb1db36000 	C:\Java\jdk-9.0.1\bin\msvcp120.dll
0x00000000649b0000 - 0x00000000653d4000 	C:\Java\jdk-9.0.1\bin\server\jvm.dll
0x00007ffb53760000 - 0x00007ffb53768000 	C:\WINDOWS\System32\PSAPI.DLL
0x00007ffb42c00000 - 0x00007ffb42c27000 	C:\WINDOWS\SYSTEM32\WINMM.dll
0x00007ffb350e0000 - 0x00007ffb350e9000 	C:\WINDOWS\SYSTEM32\WSOCK32.dll
0x00007ffb54500000 - 0x00007ffb5456b000 	C:\WINDOWS\System32\WS2_32.dll
0x00007ffb4de10000 - 0x00007ffb4de1f000 	C:\Java\jdk-9.0.1\bin\verify.dll
0x00007ffb3cb50000 - 0x00007ffb3cb77000 	C:\Java\jdk-9.0.1\bin\java.dll
0x00007ffb42020000 - 0x00007ffb42036000 	C:\Java\jdk-9.0.1\bin\zip.dll
0x00007ffb4ddf0000 - 0x00007ffb4ddfa000 	C:\Java\jdk-9.0.1\bin\jimage.dll
0x00007ffb52f60000 - 0x00007ffb536cf000 	C:\WINDOWS\System32\SHELL32.dll
0x00007ffb502a0000 - 0x00007ffb50a43000 	C:\WINDOWS\SYSTEM32\windows.storage.dll
0x00007ffb53770000 - 0x00007ffb53ac3000 	C:\WINDOWS\System32\combase.dll
0x00007ffb51fb0000 - 0x00007ffb51fde000 	C:\WINDOWS\SYSTEM32\Wldp.dll
0x00007ffb54920000 - 0x00007ffb549ed000 	C:\WINDOWS\System32\OLEAUT32.dll
0x00007ffb542f0000 - 0x00007ffb5439d000 	C:\WINDOWS\System32\SHCORE.dll
0x00007ffb54100000 - 0x00007ffb54155000 	C:\WINDOWS\System32\shlwapi.dll
0x00007ffb524b0000 - 0x00007ffb524d4000 	C:\WINDOWS\SYSTEM32\profapi.dll
0x00007ffb3d0a0000 - 0x00007ffb3d0ba000 	C:\Java\jdk-9.0.1\bin\net.dll
0x00007ffb4e870000 - 0x00007ffb4e97d000 	C:\WINDOWS\SYSTEM32\WINHTTP.dll
0x00007ffb51d10000 - 0x00007ffb51d7a000 	C:\WINDOWS\system32\mswsock.dll
0x00007ffb3c2c0000 - 0x00007ffb3c2d1000 	C:\Java\jdk-9.0.1\bin\nio.dll
0x00007ffb31aa0000 - 0x00007ffb31ac4000 	C:\Program Files\apache-maven-3.9.8\lib\jansi-native\Windows\x86_64\jansi.dll
0x00007ffb50b50000 - 0x00007ffb50d34000 	C:\WINDOWS\SYSTEM32\dbghelp.dll
0x00007ffb52dc0000 - 0x00007ffb52e42000 	C:\WINDOWS\System32\bcryptPrimitives.dll

VM Arguments:
jvm_args: -Dclassworlds.conf=C:\Program Files\apache-maven-3.9.8\bin\m2.conf -Dmaven.home=C:\Program Files\apache-maven-3.9.8 -Dlibrary.jansi.path=C:\Program Files\apache-maven-3.9.8\lib\jansi-native -Dmaven.multiModuleProjectDirectory=D:\JavaCourse\Kafka\kafka-learning 
java_command: org.codehaus.plexus.classworlds.launcher.Launcher clean package
java_class_path (initial): C:\Program Files\apache-maven-3.9.8\boot\plexus-classworlds-2.8.0.jar
Launcher Type: SUN_STANDARD

Logging:
Log output configuration:
#0: stdout all=warning uptime,level,tags
#1: stderr all=off uptime,level,tags

Environment Variables:
JAVA_HOME=C:\Java\jdk-9.0.1
PATH=D:/eclipse//plugins/org.eclipse.justj.openjdk.hotspot.jre.full.win32.x86_64_21.0.3.v20240426-1530/jre/bin/server;D:/eclipse//plugins/org.eclipse.justj.openjdk.hotspot.jre.full.win32.x86_64_21.0.3.v20240426-1530/jre/bin;C:\ProgramData\Oracle\Java\javapath;C:\Java\jdk-9.0.1\bin;C:\Program Files\Common Files\Oracle\Java\javapath;C:\WINDOWS\system32;C:\WINDOWS;C:\WINDOWS\System32\Wbem;C:\WINDOWS\System32\WindowsPowerShell\v1.0\;C:\WINDOWS\System32\OpenSSH\;C:\Program Files\Cloudflare\Cloudflare WARP\;C:\Program Files (x86)\Microsoft SQL Server\160\DTS\Binn\;C:\Program Files\Azure Data Studio\bin;C:\Program Files (x86)\Microsoft SQL Server\160\Tools\Binn\;C:\Program Files\Microsoft SQL Server\160\Tools\Binn\;C:\Program Files\Microsoft SQL Server\Client SDK\ODBC\170\Tools\Binn\;C:\Program Files\Microsoft SQL Server\160\DTS\Binn\;C:\instantclient_21_11;C:\Program Files\MySQL\MySQL Server 8.0\bin;C:\Program Files\Git\cmd;C:\Program Files\MySQL\MySQL Utilities 1.6\;%HADOOP_HOME%\bin;%SPARK_HOME%\bin;C:\Program Files\MongoDB\Server\7.0\bin;C:\ProgramData\chocolatey\bin;%KAFKA_HOME%\bin\windows;%HADOOP_HOME%\sbin;C:\hadoop-3.3.6\bin;C:\hadoop-3.3.6\sbin;C:\Users\PC\AppData\Local\Programs\Python\Python312;C:\Program Files\nodejs\;C:\Program Files\Redis\;C:\Program Files\apache-maven-3.9.8\bin;C:\ProgramData\Jenkins\;;C:\Program Files\Docker\Docker\resources\bin;C:\Program Files\Common Files\Oracle\Java\javapath;C:\Java\jdk-9.0.1\bin;C:\ProgramData\Oracle\Java\javapath;C:\Program Files\Eclipse Adoptium\jdk-21.0.1.12-hotspot\bin;C:\WINDOWS\system32;C:\WINDOWS;C:\WINDOWS\System32\Wbem;C:\WINDOWS\System32\WindowsPowerShell\v1.0\;C:\WINDOWS\System32\OpenSSH\;C:\Program Files\Cloudflare\Cloudflare WARP\;C:\Program Files (x86)\Microsoft SQL Server\160\DTS\Binn\;C:\Program Files\Azure Data Studio\bin;C:\Program Files (x86)\Microsoft SQL Server\160\Tools\Binn\;C:\Program Files\Microsoft SQL Server\160\Tools\Binn\;C:\Program Files\Microsoft SQL Server\Client SDK\ODBC\170\Tools\Binn\;C:
USERNAME=PC
OS=Windows_NT
PROCESSOR_IDENTIFIER=Intel64 Family 6 Model 140 Stepping 1, GenuineIntel



---------------  S Y S T E M  ---------------

OS: Windows 10 , 64 bit Build 19041 (10.0.19041.4842)

CPU:total 8 (initial active 8) (4 cores per cpu, 2 threads per core) family 6 model 140 stepping 1, cmov, cx8, fxsr, mmx, sse, sse2, sse3, ssse3, sse4.1, sse4.2, popcnt, avx, avx2, aes, clmul, erms, 3dnowpref, lzcnt, ht, tsc, tscinvbit, bmi1, bmi2, adx, sha, fma

Memory: 4k page, physical 16398132k(2286308k free), swap 18495284k(5584k free)

vm_info: Java HotSpot(TM) 64-Bit Server VM (9.0.1+11) for windows-amd64 JRE (9.0.1+11), built on Sep 28 2017 04:54:03 by "mach5one" with MS VC++ 12.0 (VS2013)

END.
