#
# There is insufficient memory for the Java Runtime Environment to continue.
# Native memory allocation (malloc) failed to allocate 268416 bytes. Error detail: Chunk::new
# Possible reasons:
#   The system is out of physical RAM or swap space
#   This process is running with CompressedOops enabled, and the Java Heap may be blocking the growth of the native heap
# Possible solutions:
#   Reduce memory load on the system
#   Increase physical memory or swap space
#   Check if swap backing store is full
#   Decrease Java heap size (-Xmx/-Xms)
#   Decrease number of Java threads
#   Decrease Java thread stack sizes (-Xss)
#   Set larger code cache with -XX:ReservedCodeCacheSize=
#   JVM is running with Zero Based Compressed Oops mode in which the Java heap is
#     placed in the first 32GB address space. The Java Heap base address is the
#     maximum limit for the native heap growth. Please use -XX:HeapBaseMinAddress
#     to set the Java Heap base and to place the Java Heap above 32GB virtual address.
# This output file may be truncated or incomplete.
#
#  Out of Memory Error (arena.cpp:168), pid=10332, tid=7616
#
# JRE version: OpenJDK Runtime Environment Temurin-21.0.3+9 (21.0.3+9) (build 21.0.3+9-LTS)
# Java VM: OpenJDK 64-Bit Server VM Temurin-21.0.3+9 (21.0.3+9-LTS, mixed mode, tiered, compressed oops, compressed class ptrs, g1 gc, windows-amd64)
# No core dump will be written. Minidumps are not enabled by default on client versions of Windows
#

---------------  S U M M A R Y ------------

Command Line: -Dfile.encoding=UTF-8 -Dstdout.encoding=UTF-8 -Dstderr.encoding=UTF-8 -XX:+ShowCodeDetailsInExceptionMessages Main

Host: 11th Gen Intel(R) Core(TM) i5-1135G7 @ 2.40GHz, 8 cores, 15G,  Windows 10 , 64 bit Build 19041 (10.0.19041.4717)
Time: Sun Sep  8 23:56:56 2024 SE Asia Standard Time elapsed time: 14.213277 seconds (0d 0h 0m 14s)

---------------  T H R E A D  ---------------

Current thread (0x000001caf547bf40):  JavaThread "C2 CompilerThread0" daemon [_thread_in_native, id=7616, stack(0x00000071a6900000,0x00000071a6a00000) (1024K)]


Current CompileTask:
C2:  14213 1432       4       com.google.gson.stream.JsonReader::nextQuotedValue (270 bytes)

Stack: [0x00000071a6900000,0x00000071a6a00000]
Native frames: (J=compiled Java code, j=interpreted, Vv=VM code, C=native code)
V  [jvm.dll+0x6c8699]
V  [jvm.dll+0x8a2061]
V  [jvm.dll+0x8a458e]
V  [jvm.dll+0x8a4c63]
V  [jvm.dll+0x27e476]
V  [jvm.dll+0xc4a1d]
V  [jvm.dll+0xc4f53]
V  [jvm.dll+0x2f11cf]
V  [jvm.dll+0x5f1fca]
V  [jvm.dll+0x24fa82]
V  [jvm.dll+0x24834c]
V  [jvm.dll+0x245e94]
V  [jvm.dll+0x1c6f4e]
V  [jvm.dll+0x255719]
V  [jvm.dll+0x253cba]
V  [jvm.dll+0x3ec1e6]
V  [jvm.dll+0x84bf8b]
V  [jvm.dll+0x6c6dcd]
C  [ucrtbase.dll+0x21bb2]
C  [KERNEL32.DLL+0x17374]
C  [ntdll.dll+0x4cc91]


---------------  P R O C E S S  ---------------

Threads class SMR info:
_java_thread_list=0x000001caf57eae00, length=13, elements={
0x000001cad8c627e0, 0x000001caf5457550, 0x000001caf54a2840, 0x000001caf54a0690,
0x000001caf54a10f0, 0x000001caf54a2160, 0x000001caf5476d10, 0x000001caf547bf40,
0x000001caf54c5f40, 0x000001caf5663420, 0x000001caf5669ad0, 0x000001caf57f7840,
0x000001cafa06fad0
}

Java Threads: ( => current thread )
  0x000001cad8c627e0 JavaThread "main"                              [_thread_blocked, id=19740, stack(0x00000071a5b00000,0x00000071a5c00000) (1024K)]
  0x000001caf5457550 JavaThread "Reference Handler"          daemon [_thread_blocked, id=9756, stack(0x00000071a6300000,0x00000071a6400000) (1024K)]
  0x000001caf54a2840 JavaThread "Finalizer"                  daemon [_thread_blocked, id=9464, stack(0x00000071a6400000,0x00000071a6500000) (1024K)]
  0x000001caf54a0690 JavaThread "Signal Dispatcher"          daemon [_thread_blocked, id=15212, stack(0x00000071a6500000,0x00000071a6600000) (1024K)]
  0x000001caf54a10f0 JavaThread "Attach Listener"            daemon [_thread_blocked, id=20288, stack(0x00000071a6600000,0x00000071a6700000) (1024K)]
  0x000001caf54a2160 JavaThread "Service Thread"             daemon [_thread_blocked, id=20152, stack(0x00000071a6700000,0x00000071a6800000) (1024K)]
  0x000001caf5476d10 JavaThread "Monitor Deflation Thread"   daemon [_thread_blocked, id=7672, stack(0x00000071a6800000,0x00000071a6900000) (1024K)]
=>0x000001caf547bf40 JavaThread "C2 CompilerThread0"         daemon [_thread_in_native, id=7616, stack(0x00000071a6900000,0x00000071a6a00000) (1024K)]
  0x000001caf54c5f40 JavaThread "C1 CompilerThread0"         daemon [_thread_blocked, id=5628, stack(0x00000071a6a00000,0x00000071a6b00000) (1024K)]
  0x000001caf5663420 JavaThread "Notification Thread"        daemon [_thread_blocked, id=2448, stack(0x00000071a6b00000,0x00000071a6c00000) (1024K)]
  0x000001caf5669ad0 JavaThread "Common-Cleaner"             daemon [_thread_blocked, id=18708, stack(0x00000071a6c00000,0x00000071a6d00000) (1024K)]
  0x000001caf57f7840 JavaThread "Thread-0"                          [_thread_in_native, id=18928, stack(0x00000071a6d00000,0x00000071a6e00000) (1024K)]
  0x000001cafa06fad0 JavaThread "Thread-1"                          [_thread_blocked, id=10996, stack(0x00000071a6e00000,0x00000071a6f00000) (1024K)]
Total: 13

Other Threads:
  0x000001caf540e800 VMThread "VM Thread"                           [id=12388, stack(0x00000071a6200000,0x00000071a6300000) (1024K)]
  0x000001caf538ea80 WatcherThread "VM Periodic Task Thread"        [id=3824, stack(0x00000071a6100000,0x00000071a6200000) (1024K)]
  0x000001cad8dd6cf0 WorkerThread "GC Thread#0"                     [id=3016, stack(0x00000071a5c00000,0x00000071a5d00000) (1024K)]
  0x000001caf5517c90 WorkerThread "GC Thread#1"                     [id=18716, stack(0x00000071a6f00000,0x00000071a7000000) (1024K)]
  0x000001caf5518030 WorkerThread "GC Thread#2"                     [id=256, stack(0x00000071a7000000,0x00000071a7100000) (1024K)]
  0x000001cafa61e620 WorkerThread "GC Thread#3"                     [id=7276, stack(0x00000071a7100000,0x00000071a7200000) (1024K)]
  0x000001cafa61e9c0 WorkerThread "GC Thread#4"                     [id=11924, stack(0x00000071a7200000,0x00000071a7300000) (1024K)]
  0x000001cafa7be3c0 WorkerThread "GC Thread#5"                     [id=14904, stack(0x00000071a7300000,0x00000071a7400000) (1024K)]
  0x000001cafa7bef80 WorkerThread "GC Thread#6"                     [id=16264, stack(0x00000071a7400000,0x00000071a7500000) (1024K)]
  0x000001caf57ef8d0 WorkerThread "GC Thread#7"                     [id=20376, stack(0x00000071a7500000,0x00000071a7600000) (1024K)]
  0x000001cad8de7610 ConcurrentGCThread "G1 Main Marker"            [id=6096, stack(0x00000071a5d00000,0x00000071a5e00000) (1024K)]
  0x000001cad8de9970 WorkerThread "G1 Conc#0"                       [id=19468, stack(0x00000071a5e00000,0x00000071a5f00000) (1024K)]
  0x000001cad8e3e590 ConcurrentGCThread "G1 Refine#0"               [id=3844, stack(0x00000071a5f00000,0x00000071a6000000) (1024K)]
  0x000001caf52612c0 ConcurrentGCThread "G1 Service"                [id=9180, stack(0x00000071a6000000,0x00000071a6100000) (1024K)]
Total: 14

Threads with active compile tasks:
C2 CompilerThread0    14242 1432       4       com.google.gson.stream.JsonReader::nextQuotedValue (270 bytes)
Total: 1

VM state: not at safepoint (normal execution)

VM Mutex/Monitor currently owned by a thread: None

Heap address: 0x0000000705c00000, size: 4004 MB, Compressed Oops mode: Zero based, Oop shift amount: 3

CDS archive(s) not mapped
Compressed class space mapped at: 0x0000000800000000-0x0000000840000000, reserved size: 1073741824
Narrow klass base: 0x0000000800000000, Narrow klass shift: 0, Narrow klass range: 0x40000000

GC Precious Log:
 CardTable entry size: 512
 Card Set container configuration: InlinePtr #cards 4 size 8 Array Of Cards #cards 16 size 48 Howl #buckets 8 coarsen threshold 3686 Howl Bitmap #cards 512 size 80 coarsen threshold 460 Card regions per heap region 1 cards per card region 4096
 CPUs: 8 total, 8 available
 Memory: 16013M
 Large Page Support: Disabled
 NUMA Support: Disabled
 Compressed Oops: Enabled (Zero based)
 Heap Region Size: 2M
 Heap Min Capacity: 8M
 Heap Initial Capacity: 252M
 Heap Max Capacity: 4004M
 Pre-touch: Disabled
 Parallel Workers: 8
 Concurrent Workers: 2
 Concurrent Refinement Workers: 8
 Periodic GC: Disabled

Heap:
 garbage-first heap   total 258048K, used 7924K [0x0000000705c00000, 0x0000000800000000)
  region size 2048K, 5 young (10240K), 2 survivors (4096K)
 Metaspace       used 15092K, committed 15360K, reserved 1114112K
  class space    used 1328K, committed 1472K, reserved 1048576K

Heap Regions: E=young(eden), S=young(survivor), O=old, HS=humongous(starts), HC=humongous(continues), CS=collection set, F=free, TAMS=top-at-mark-start, PB=parsable bottom
|   0|0x0000000705c00000, 0x0000000705c00000, 0x0000000705e00000|  0%| F|  |TAMS 0x0000000705c00000| PB 0x0000000705c00000| Untracked 
|   1|0x0000000705e00000, 0x0000000705e00000, 0x0000000706000000|  0%| F|  |TAMS 0x0000000705e00000| PB 0x0000000705e00000| Untracked 
|   2|0x0000000706000000, 0x0000000706000000, 0x0000000706200000|  0%| F|  |TAMS 0x0000000706000000| PB 0x0000000706000000| Untracked 
|   3|0x0000000706200000, 0x0000000706200000, 0x0000000706400000|  0%| F|  |TAMS 0x0000000706200000| PB 0x0000000706200000| Untracked 
|   4|0x0000000706400000, 0x0000000706400000, 0x0000000706600000|  0%| F|  |TAMS 0x0000000706400000| PB 0x0000000706400000| Untracked 
|   5|0x0000000706600000, 0x0000000706600000, 0x0000000706800000|  0%| F|  |TAMS 0x0000000706600000| PB 0x0000000706600000| Untracked 
|   6|0x0000000706800000, 0x0000000706800000, 0x0000000706a00000|  0%| F|  |TAMS 0x0000000706800000| PB 0x0000000706800000| Untracked 
|   7|0x0000000706a00000, 0x0000000706a00000, 0x0000000706c00000|  0%| F|  |TAMS 0x0000000706a00000| PB 0x0000000706a00000| Untracked 
|   8|0x0000000706c00000, 0x0000000706c00000, 0x0000000706e00000|  0%| F|  |TAMS 0x0000000706c00000| PB 0x0000000706c00000| Untracked 
|   9|0x0000000706e00000, 0x0000000706e00000, 0x0000000707000000|  0%| F|  |TAMS 0x0000000706e00000| PB 0x0000000706e00000| Untracked 
|  10|0x0000000707000000, 0x0000000707000000, 0x0000000707200000|  0%| F|  |TAMS 0x0000000707000000| PB 0x0000000707000000| Untracked 
|  11|0x0000000707200000, 0x0000000707200000, 0x0000000707400000|  0%| F|  |TAMS 0x0000000707200000| PB 0x0000000707200000| Untracked 
|  12|0x0000000707400000, 0x0000000707400000, 0x0000000707600000|  0%| F|  |TAMS 0x0000000707400000| PB 0x0000000707400000| Untracked 
|  13|0x0000000707600000, 0x0000000707600000, 0x0000000707800000|  0%| F|  |TAMS 0x0000000707600000| PB 0x0000000707600000| Untracked 
|  14|0x0000000707800000, 0x0000000707800000, 0x0000000707a00000|  0%| F|  |TAMS 0x0000000707800000| PB 0x0000000707800000| Untracked 
|  15|0x0000000707a00000, 0x0000000707a00000, 0x0000000707c00000|  0%| F|  |TAMS 0x0000000707a00000| PB 0x0000000707a00000| Untracked 
|  16|0x0000000707c00000, 0x0000000707c00000, 0x0000000707e00000|  0%| F|  |TAMS 0x0000000707c00000| PB 0x0000000707c00000| Untracked 
|  17|0x0000000707e00000, 0x0000000707e00000, 0x0000000708000000|  0%| F|  |TAMS 0x0000000707e00000| PB 0x0000000707e00000| Untracked 
|  18|0x0000000708000000, 0x0000000708000000, 0x0000000708200000|  0%| F|  |TAMS 0x0000000708000000| PB 0x0000000708000000| Untracked 
|  19|0x0000000708200000, 0x0000000708200000, 0x0000000708400000|  0%| F|  |TAMS 0x0000000708200000| PB 0x0000000708200000| Untracked 
|  20|0x0000000708400000, 0x0000000708400000, 0x0000000708600000|  0%| F|  |TAMS 0x0000000708400000| PB 0x0000000708400000| Untracked 
|  21|0x0000000708600000, 0x0000000708600000, 0x0000000708800000|  0%| F|  |TAMS 0x0000000708600000| PB 0x0000000708600000| Untracked 
|  22|0x0000000708800000, 0x0000000708800000, 0x0000000708a00000|  0%| F|  |TAMS 0x0000000708800000| PB 0x0000000708800000| Untracked 
|  23|0x0000000708a00000, 0x0000000708a00000, 0x0000000708c00000|  0%| F|  |TAMS 0x0000000708a00000| PB 0x0000000708a00000| Untracked 
|  24|0x0000000708c00000, 0x0000000708c00000, 0x0000000708e00000|  0%| F|  |TAMS 0x0000000708c00000| PB 0x0000000708c00000| Untracked 
|  25|0x0000000708e00000, 0x0000000708e00000, 0x0000000709000000|  0%| F|  |TAMS 0x0000000708e00000| PB 0x0000000708e00000| Untracked 
|  26|0x0000000709000000, 0x0000000709000000, 0x0000000709200000|  0%| F|  |TAMS 0x0000000709000000| PB 0x0000000709000000| Untracked 
|  27|0x0000000709200000, 0x0000000709200000, 0x0000000709400000|  0%| F|  |TAMS 0x0000000709200000| PB 0x0000000709200000| Untracked 
|  28|0x0000000709400000, 0x0000000709400000, 0x0000000709600000|  0%| F|  |TAMS 0x0000000709400000| PB 0x0000000709400000| Untracked 
|  29|0x0000000709600000, 0x0000000709600000, 0x0000000709800000|  0%| F|  |TAMS 0x0000000709600000| PB 0x0000000709600000| Untracked 
|  30|0x0000000709800000, 0x0000000709800000, 0x0000000709a00000|  0%| F|  |TAMS 0x0000000709800000| PB 0x0000000709800000| Untracked 
|  31|0x0000000709a00000, 0x0000000709a00000, 0x0000000709c00000|  0%| F|  |TAMS 0x0000000709a00000| PB 0x0000000709a00000| Untracked 
|  32|0x0000000709c00000, 0x0000000709c00000, 0x0000000709e00000|  0%| F|  |TAMS 0x0000000709c00000| PB 0x0000000709c00000| Untracked 
|  33|0x0000000709e00000, 0x0000000709e00000, 0x000000070a000000|  0%| F|  |TAMS 0x0000000709e00000| PB 0x0000000709e00000| Untracked 
|  34|0x000000070a000000, 0x000000070a000000, 0x000000070a200000|  0%| F|  |TAMS 0x000000070a000000| PB 0x000000070a000000| Untracked 
|  35|0x000000070a200000, 0x000000070a200000, 0x000000070a400000|  0%| F|  |TAMS 0x000000070a200000| PB 0x000000070a200000| Untracked 
|  36|0x000000070a400000, 0x000000070a400000, 0x000000070a600000|  0%| F|  |TAMS 0x000000070a400000| PB 0x000000070a400000| Untracked 
|  37|0x000000070a600000, 0x000000070a600000, 0x000000070a800000|  0%| F|  |TAMS 0x000000070a600000| PB 0x000000070a600000| Untracked 
|  38|0x000000070a800000, 0x000000070a800000, 0x000000070aa00000|  0%| F|  |TAMS 0x000000070a800000| PB 0x000000070a800000| Untracked 
|  39|0x000000070aa00000, 0x000000070aa00000, 0x000000070ac00000|  0%| F|  |TAMS 0x000000070aa00000| PB 0x000000070aa00000| Untracked 
|  40|0x000000070ac00000, 0x000000070ac00000, 0x000000070ae00000|  0%| F|  |TAMS 0x000000070ac00000| PB 0x000000070ac00000| Untracked 
|  41|0x000000070ae00000, 0x000000070ae00000, 0x000000070b000000|  0%| F|  |TAMS 0x000000070ae00000| PB 0x000000070ae00000| Untracked 
|  42|0x000000070b000000, 0x000000070b000000, 0x000000070b200000|  0%| F|  |TAMS 0x000000070b000000| PB 0x000000070b000000| Untracked 
|  43|0x000000070b200000, 0x000000070b200000, 0x000000070b400000|  0%| F|  |TAMS 0x000000070b200000| PB 0x000000070b200000| Untracked 
|  44|0x000000070b400000, 0x000000070b400000, 0x000000070b600000|  0%| F|  |TAMS 0x000000070b400000| PB 0x000000070b400000| Untracked 
|  45|0x000000070b600000, 0x000000070b600000, 0x000000070b800000|  0%| F|  |TAMS 0x000000070b600000| PB 0x000000070b600000| Untracked 
|  46|0x000000070b800000, 0x000000070b800000, 0x000000070ba00000|  0%| F|  |TAMS 0x000000070b800000| PB 0x000000070b800000| Untracked 
|  47|0x000000070ba00000, 0x000000070ba00000, 0x000000070bc00000|  0%| F|  |TAMS 0x000000070ba00000| PB 0x000000070ba00000| Untracked 
|  48|0x000000070bc00000, 0x000000070bc00000, 0x000000070be00000|  0%| F|  |TAMS 0x000000070bc00000| PB 0x000000070bc00000| Untracked 
|  49|0x000000070be00000, 0x000000070be00000, 0x000000070c000000|  0%| F|  |TAMS 0x000000070be00000| PB 0x000000070be00000| Untracked 
|  50|0x000000070c000000, 0x000000070c000000, 0x000000070c200000|  0%| F|  |TAMS 0x000000070c000000| PB 0x000000070c000000| Untracked 
|  51|0x000000070c200000, 0x000000070c200000, 0x000000070c400000|  0%| F|  |TAMS 0x000000070c200000| PB 0x000000070c200000| Untracked 
|  52|0x000000070c400000, 0x000000070c400000, 0x000000070c600000|  0%| F|  |TAMS 0x000000070c400000| PB 0x000000070c400000| Untracked 
|  53|0x000000070c600000, 0x000000070c600000, 0x000000070c800000|  0%| F|  |TAMS 0x000000070c600000| PB 0x000000070c600000| Untracked 
|  54|0x000000070c800000, 0x000000070c800000, 0x000000070ca00000|  0%| F|  |TAMS 0x000000070c800000| PB 0x000000070c800000| Untracked 
|  55|0x000000070ca00000, 0x000000070ca00000, 0x000000070cc00000|  0%| F|  |TAMS 0x000000070ca00000| PB 0x000000070ca00000| Untracked 
|  56|0x000000070cc00000, 0x000000070cc00000, 0x000000070ce00000|  0%| F|  |TAMS 0x000000070cc00000| PB 0x000000070cc00000| Untracked 
|  57|0x000000070ce00000, 0x000000070ce00000, 0x000000070d000000|  0%| F|  |TAMS 0x000000070ce00000| PB 0x000000070ce00000| Untracked 
|  58|0x000000070d000000, 0x000000070d000000, 0x000000070d200000|  0%| F|  |TAMS 0x000000070d000000| PB 0x000000070d000000| Untracked 
|  59|0x000000070d200000, 0x000000070d200000, 0x000000070d400000|  0%| F|  |TAMS 0x000000070d200000| PB 0x000000070d200000| Untracked 
|  60|0x000000070d400000, 0x000000070d400000, 0x000000070d600000|  0%| F|  |TAMS 0x000000070d400000| PB 0x000000070d400000| Untracked 
|  61|0x000000070d600000, 0x000000070d600000, 0x000000070d800000|  0%| F|  |TAMS 0x000000070d600000| PB 0x000000070d600000| Untracked 
|  62|0x000000070d800000, 0x000000070d800000, 0x000000070da00000|  0%| F|  |TAMS 0x000000070d800000| PB 0x000000070d800000| Untracked 
|  63|0x000000070da00000, 0x000000070da00000, 0x000000070dc00000|  0%| F|  |TAMS 0x000000070da00000| PB 0x000000070da00000| Untracked 
|  64|0x000000070dc00000, 0x000000070dc00000, 0x000000070de00000|  0%| F|  |TAMS 0x000000070dc00000| PB 0x000000070dc00000| Untracked 
|  65|0x000000070de00000, 0x000000070de00000, 0x000000070e000000|  0%| F|  |TAMS 0x000000070de00000| PB 0x000000070de00000| Untracked 
|  66|0x000000070e000000, 0x000000070e000000, 0x000000070e200000|  0%| F|  |TAMS 0x000000070e000000| PB 0x000000070e000000| Untracked 
|  67|0x000000070e200000, 0x000000070e200000, 0x000000070e400000|  0%| F|  |TAMS 0x000000070e200000| PB 0x000000070e200000| Untracked 
|  68|0x000000070e400000, 0x000000070e400000, 0x000000070e600000|  0%| F|  |TAMS 0x000000070e400000| PB 0x000000070e400000| Untracked 
|  69|0x000000070e600000, 0x000000070e600000, 0x000000070e800000|  0%| F|  |TAMS 0x000000070e600000| PB 0x000000070e600000| Untracked 
|  70|0x000000070e800000, 0x000000070e800000, 0x000000070ea00000|  0%| F|  |TAMS 0x000000070e800000| PB 0x000000070e800000| Untracked 
|  71|0x000000070ea00000, 0x000000070ea00000, 0x000000070ec00000|  0%| F|  |TAMS 0x000000070ea00000| PB 0x000000070ea00000| Untracked 
|  72|0x000000070ec00000, 0x000000070ec00000, 0x000000070ee00000|  0%| F|  |TAMS 0x000000070ec00000| PB 0x000000070ec00000| Untracked 
|  73|0x000000070ee00000, 0x000000070ee00000, 0x000000070f000000|  0%| F|  |TAMS 0x000000070ee00000| PB 0x000000070ee00000| Untracked 
|  74|0x000000070f000000, 0x000000070f000000, 0x000000070f200000|  0%| F|  |TAMS 0x000000070f000000| PB 0x000000070f000000| Untracked 
|  75|0x000000070f200000, 0x000000070f200000, 0x000000070f400000|  0%| F|  |TAMS 0x000000070f200000| PB 0x000000070f200000| Untracked 
|  76|0x000000070f400000, 0x000000070f400000, 0x000000070f600000|  0%| F|  |TAMS 0x000000070f400000| PB 0x000000070f400000| Untracked 
|  77|0x000000070f600000, 0x000000070f600000, 0x000000070f800000|  0%| F|  |TAMS 0x000000070f600000| PB 0x000000070f600000| Untracked 
|  78|0x000000070f800000, 0x000000070f800000, 0x000000070fa00000|  0%| F|  |TAMS 0x000000070f800000| PB 0x000000070f800000| Untracked 
|  79|0x000000070fa00000, 0x000000070fa00000, 0x000000070fc00000|  0%| F|  |TAMS 0x000000070fa00000| PB 0x000000070fa00000| Untracked 
|  80|0x000000070fc00000, 0x000000070fc00000, 0x000000070fe00000|  0%| F|  |TAMS 0x000000070fc00000| PB 0x000000070fc00000| Untracked 
|  81|0x000000070fe00000, 0x000000070fe00000, 0x0000000710000000|  0%| F|  |TAMS 0x000000070fe00000| PB 0x000000070fe00000| Untracked 
|  82|0x0000000710000000, 0x0000000710000000, 0x0000000710200000|  0%| F|  |TAMS 0x0000000710000000| PB 0x0000000710000000| Untracked 
|  83|0x0000000710200000, 0x0000000710200000, 0x0000000710400000|  0%| F|  |TAMS 0x0000000710200000| PB 0x0000000710200000| Untracked 
|  84|0x0000000710400000, 0x0000000710400000, 0x0000000710600000|  0%| F|  |TAMS 0x0000000710400000| PB 0x0000000710400000| Untracked 
|  85|0x0000000710600000, 0x0000000710600000, 0x0000000710800000|  0%| F|  |TAMS 0x0000000710600000| PB 0x0000000710600000| Untracked 
|  86|0x0000000710800000, 0x0000000710800000, 0x0000000710a00000|  0%| F|  |TAMS 0x0000000710800000| PB 0x0000000710800000| Untracked 
|  87|0x0000000710a00000, 0x0000000710a00000, 0x0000000710c00000|  0%| F|  |TAMS 0x0000000710a00000| PB 0x0000000710a00000| Untracked 
|  88|0x0000000710c00000, 0x0000000710c00000, 0x0000000710e00000|  0%| F|  |TAMS 0x0000000710c00000| PB 0x0000000710c00000| Untracked 
|  89|0x0000000710e00000, 0x0000000710e00000, 0x0000000711000000|  0%| F|  |TAMS 0x0000000710e00000| PB 0x0000000710e00000| Untracked 
|  90|0x0000000711000000, 0x0000000711000000, 0x0000000711200000|  0%| F|  |TAMS 0x0000000711000000| PB 0x0000000711000000| Untracked 
|  91|0x0000000711200000, 0x0000000711200000, 0x0000000711400000|  0%| F|  |TAMS 0x0000000711200000| PB 0x0000000711200000| Untracked 
|  92|0x0000000711400000, 0x0000000711400000, 0x0000000711600000|  0%| F|  |TAMS 0x0000000711400000| PB 0x0000000711400000| Untracked 
|  93|0x0000000711600000, 0x0000000711600000, 0x0000000711800000|  0%| F|  |TAMS 0x0000000711600000| PB 0x0000000711600000| Untracked 
|  94|0x0000000711800000, 0x0000000711800000, 0x0000000711a00000|  0%| F|  |TAMS 0x0000000711800000| PB 0x0000000711800000| Untracked 
|  95|0x0000000711a00000, 0x0000000711a00000, 0x0000000711c00000|  0%| F|  |TAMS 0x0000000711a00000| PB 0x0000000711a00000| Untracked 
|  96|0x0000000711c00000, 0x0000000711c00000, 0x0000000711e00000|  0%| F|  |TAMS 0x0000000711c00000| PB 0x0000000711c00000| Untracked 
|  97|0x0000000711e00000, 0x0000000711e00000, 0x0000000712000000|  0%| F|  |TAMS 0x0000000711e00000| PB 0x0000000711e00000| Untracked 
|  98|0x0000000712000000, 0x0000000712000000, 0x0000000712200000|  0%| F|  |TAMS 0x0000000712000000| PB 0x0000000712000000| Untracked 
|  99|0x0000000712200000, 0x0000000712200000, 0x0000000712400000|  0%| F|  |TAMS 0x0000000712200000| PB 0x0000000712200000| Untracked 
| 100|0x0000000712400000, 0x0000000712400000, 0x0000000712600000|  0%| F|  |TAMS 0x0000000712400000| PB 0x0000000712400000| Untracked 
| 101|0x0000000712600000, 0x0000000712600000, 0x0000000712800000|  0%| F|  |TAMS 0x0000000712600000| PB 0x0000000712600000| Untracked 
| 102|0x0000000712800000, 0x0000000712800000, 0x0000000712a00000|  0%| F|  |TAMS 0x0000000712800000| PB 0x0000000712800000| Untracked 
| 103|0x0000000712a00000, 0x0000000712a00000, 0x0000000712c00000|  0%| F|  |TAMS 0x0000000712a00000| PB 0x0000000712a00000| Untracked 
| 104|0x0000000712c00000, 0x0000000712c00000, 0x0000000712e00000|  0%| F|  |TAMS 0x0000000712c00000| PB 0x0000000712c00000| Untracked 
| 105|0x0000000712e00000, 0x0000000712e00000, 0x0000000713000000|  0%| F|  |TAMS 0x0000000712e00000| PB 0x0000000712e00000| Untracked 
| 106|0x0000000713000000, 0x0000000713000000, 0x0000000713200000|  0%| F|  |TAMS 0x0000000713000000| PB 0x0000000713000000| Untracked 
| 107|0x0000000713200000, 0x0000000713200000, 0x0000000713400000|  0%| F|  |TAMS 0x0000000713200000| PB 0x0000000713200000| Untracked 
| 108|0x0000000713400000, 0x0000000713400000, 0x0000000713600000|  0%| F|  |TAMS 0x0000000713400000| PB 0x0000000713400000| Untracked 
| 109|0x0000000713600000, 0x0000000713600000, 0x0000000713800000|  0%| F|  |TAMS 0x0000000713600000| PB 0x0000000713600000| Untracked 
| 110|0x0000000713800000, 0x0000000713800000, 0x0000000713a00000|  0%| F|  |TAMS 0x0000000713800000| PB 0x0000000713800000| Untracked 
| 111|0x0000000713a00000, 0x0000000713a00000, 0x0000000713c00000|  0%| F|  |TAMS 0x0000000713a00000| PB 0x0000000713a00000| Untracked 
| 112|0x0000000713c00000, 0x0000000713c00000, 0x0000000713e00000|  0%| F|  |TAMS 0x0000000713c00000| PB 0x0000000713c00000| Untracked 
| 113|0x0000000713e00000, 0x0000000713fbd2b0, 0x0000000714000000| 86%| S|CS|TAMS 0x0000000713e00000| PB 0x0000000713e00000| Complete 
| 114|0x0000000714000000, 0x0000000714200000, 0x0000000714200000|100%| S|CS|TAMS 0x0000000714000000| PB 0x0000000714000000| Complete 
| 115|0x0000000714200000, 0x0000000714200000, 0x0000000714400000|  0%| F|  |TAMS 0x0000000714200000| PB 0x0000000714200000| Untracked 
| 116|0x0000000714400000, 0x0000000714400000, 0x0000000714600000|  0%| F|  |TAMS 0x0000000714400000| PB 0x0000000714400000| Untracked 
| 117|0x0000000714600000, 0x0000000714600000, 0x0000000714800000|  0%| F|  |TAMS 0x0000000714600000| PB 0x0000000714600000| Untracked 
| 118|0x0000000714800000, 0x0000000714800000, 0x0000000714a00000|  0%| F|  |TAMS 0x0000000714800000| PB 0x0000000714800000| Untracked 
| 119|0x0000000714a00000, 0x0000000714a00000, 0x0000000714c00000|  0%| F|  |TAMS 0x0000000714a00000| PB 0x0000000714a00000| Untracked 
| 120|0x0000000714c00000, 0x0000000714c00000, 0x0000000714e00000|  0%| F|  |TAMS 0x0000000714c00000| PB 0x0000000714c00000| Untracked 
| 121|0x0000000714e00000, 0x0000000714e00000, 0x0000000715000000|  0%| F|  |TAMS 0x0000000714e00000| PB 0x0000000714e00000| Untracked 
| 122|0x0000000715000000, 0x0000000715000000, 0x0000000715200000|  0%| F|  |TAMS 0x0000000715000000| PB 0x0000000715000000| Untracked 
| 123|0x0000000715200000, 0x00000007152848d0, 0x0000000715400000| 25%| E|  |TAMS 0x0000000715200000| PB 0x0000000715200000| Complete 
| 124|0x0000000715400000, 0x0000000715600000, 0x0000000715600000|100%| E|CS|TAMS 0x0000000715400000| PB 0x0000000715400000| Complete 
| 125|0x0000000715600000, 0x0000000715800000, 0x0000000715800000|100%| E|CS|TAMS 0x0000000715600000| PB 0x0000000715600000| Complete 

Card table byte_map: [0x000001caee2a0000,0x000001caeea80000] _byte_map_base: 0x000001caeaa72000

Marking Bits: (CMBitMap*) 0x000001cad8dd72f0
 Bits: [0x000001caeea80000, 0x000001caf2910000)

Polling page: 0x000001cade030000

Metaspace:

Usage:
  Non-class:     13.45 MB used.
      Class:      1.30 MB used.
       Both:     14.75 MB used.

Virtual space:
  Non-class space:       64.00 MB reserved,      13.56 MB ( 21%) committed,  1 nodes.
      Class space:        1.00 GB reserved,       1.44 MB ( <1%) committed,  1 nodes.
             Both:        1.06 GB reserved,      15.00 MB (  1%) committed. 

Chunk freelists:
   Non-Class:  2.03 MB
       Class:  14.54 MB
        Both:  16.58 MB

MaxMetaspaceSize: unlimited
CompressedClassSpaceSize: 1.00 GB
Initial GC threshold: 21.00 MB
Current GC threshold: 21.00 MB
CDS: off
 - commit_granule_bytes: 65536.
 - commit_granule_words: 8192.
 - virtual_space_node_default_size: 8388608.
 - enlarge_chunks_in_place: 1.
 - use_allocation_guard: 0.


Internal statistics:

num_allocs_failed_limit: 0.
num_arena_births: 92.
num_arena_deaths: 0.
num_vsnodes_births: 2.
num_vsnodes_deaths: 0.
num_space_committed: 240.
num_space_uncommitted: 0.
num_chunks_returned_to_freelist: 0.
num_chunks_taken_from_freelist: 226.
num_chunk_merges: 0.
num_chunk_splits: 143.
num_chunks_enlarged: 103.
num_inconsistent_stats: 0.

CodeHeap 'non-profiled nmethods': size=120000Kb used=482Kb max_used=482Kb free=119517Kb
 bounds [0x000001cae5b20000, 0x000001cae5d90000, 0x000001caed050000]
CodeHeap 'profiled nmethods': size=120000Kb used=2729Kb max_used=2729Kb free=117270Kb
 bounds [0x000001cade050000, 0x000001cade300000, 0x000001cae5580000]
CodeHeap 'non-nmethods': size=5760Kb used=1517Kb max_used=1532Kb free=4242Kb
 bounds [0x000001cae5580000, 0x000001cae57f0000, 0x000001cae5b20000]
 total_blobs=1942 nmethods=1463 adapters=384
 compilation: enabled
              stopped_count=0, restarted_count=0
 full_count=0

Compilation events (20 events):
Event: 14.200 Thread 0x000001caf54c5f40 1437       3       java.lang.reflect.Field::set (43 bytes)
Event: 14.200 Thread 0x000001caf54c5f40 nmethod 1437 0x000001cade2e6710 code [0x000001cade2e6940, 0x000001cade2e6ec8]
Event: 14.200 Thread 0x000001caf54c5f40 1438       3       sun.invoke.util.BytecodeDescriptor::unparse (24 bytes)
Event: 14.201 Thread 0x000001caf54c5f40 nmethod 1438 0x000001cade2e7090 code [0x000001cade2e7260, 0x000001cade2e7468]
Event: 14.201 Thread 0x000001caf547bf40 nmethod 1429 0x000001cae5b97810 code [0x000001cae5b97a60, 0x000001cae5b98068]
Event: 14.202 Thread 0x000001caf547bf40 1432       4       com.google.gson.stream.JsonReader::nextQuotedValue (270 bytes)
Event: 14.202 Thread 0x000001caf54c5f40 1439   !   3       jdk.internal.reflect.MethodHandleObjectFieldAccessorImpl::set (70 bytes)
Event: 14.204 Thread 0x000001caf54c5f40 nmethod 1439 0x000001cade2e7510 code [0x000001cade2e7880, 0x000001cade2e9058]
Event: 14.204 Thread 0x000001caf54c5f40 1440       3       java.lang.invoke.LambdaForm$MH/0x0000000800120400::invokeExact_MT (24 bytes)
Event: 14.205 Thread 0x000001caf54c5f40 nmethod 1440 0x000001cade2e9910 code [0x000001cade2e9b20, 0x000001cade2ea288]
Event: 14.205 Thread 0x000001caf54c5f40 1442       3       java.lang.invoke.DirectMethodHandle$Accessor::checkCast (9 bytes)
Event: 14.206 Thread 0x000001caf54c5f40 nmethod 1442 0x000001cade2ea490 code [0x000001cade2ea660, 0x000001cade2ea990]
Event: 14.206 Thread 0x000001caf54c5f40 1441       3       java.lang.invoke.LambdaForm$MH/0x000000080011c800::invoke (37 bytes)
Event: 14.207 Thread 0x000001caf54c5f40 nmethod 1441 0x000001cade2eab10 code [0x000001cade2ead20, 0x000001cade2eb5b0]
Event: 14.207 Thread 0x000001caf54c5f40 1443       3       java.lang.invoke.LambdaForm$MH/0x0000000800120000::invoke (56 bytes)
Event: 14.208 Thread 0x000001caf54c5f40 nmethod 1443 0x000001cade2eb810 code [0x000001cade2eba20, 0x000001cade2ec320]
Event: 14.211 Thread 0x000001caf54c5f40 1444       3       com.google.gson.JsonObject::get (12 bytes)
Event: 14.211 Thread 0x000001caf54c5f40 nmethod 1444 0x000001cade2ec510 code [0x000001cade2ec6e0, 0x000001cade2ecac0]
Event: 14.211 Thread 0x000001caf54c5f40 1445       3       java.util.concurrent.locks.AbstractQueuedSynchronizer$Node::<init> (5 bytes)
Event: 14.211 Thread 0x000001caf54c5f40 nmethod 1445 0x000001cade2ecc10 code [0x000001cade2ecdc0, 0x000001cade2ecf28]

GC Heap History (2 events):
Event: 10.606 GC heap before
{Heap before GC invocations=0 (full 0):
 garbage-first heap   total 258048K, used 20480K [0x0000000705c00000, 0x0000000800000000)
  region size 2048K, 11 young (22528K), 0 survivors (0K)
 Metaspace       used 14098K, committed 14272K, reserved 1114112K
  class space    used 1223K, committed 1280K, reserved 1048576K
}
Event: 10.614 GC heap after
{Heap after GC invocations=1 (full 0):
 garbage-first heap   total 258048K, used 3828K [0x0000000705c00000, 0x0000000800000000)
  region size 2048K, 2 young (4096K), 2 survivors (4096K)
 Metaspace       used 14098K, committed 14272K, reserved 1114112K
  class space    used 1223K, committed 1280K, reserved 1048576K
}

Dll operation events (6 events):
Event: 0.006 Loaded shared library D:\eclipse\plugins\org.eclipse.justj.openjdk.hotspot.jre.full.win32.x86_64_21.0.3.v20240426-1530\jre\bin\java.dll
Event: 0.012 Loaded shared library D:\eclipse\plugins\org.eclipse.justj.openjdk.hotspot.jre.full.win32.x86_64_21.0.3.v20240426-1530\jre\bin\zip.dll
Event: 0.112 Loaded shared library D:\eclipse\plugins\org.eclipse.justj.openjdk.hotspot.jre.full.win32.x86_64_21.0.3.v20240426-1530\jre\bin\net.dll
Event: 0.114 Loaded shared library D:\eclipse\plugins\org.eclipse.justj.openjdk.hotspot.jre.full.win32.x86_64_21.0.3.v20240426-1530\jre\bin\nio.dll
Event: 0.124 Loaded shared library D:\eclipse\plugins\org.eclipse.justj.openjdk.hotspot.jre.full.win32.x86_64_21.0.3.v20240426-1530\jre\bin\zip.dll
Event: 0.261 Loaded shared library D:\eclipse\plugins\org.eclipse.justj.openjdk.hotspot.jre.full.win32.x86_64_21.0.3.v20240426-1530\jre\bin\jimage.dll

Deoptimization events (20 events):
Event: 11.691 Thread 0x000001cad8c627e0 Uncommon trap: trap_request=0xffffffde fr.pc=0x000001cae5b83a00 relative=0x0000000000001000
Event: 11.691 Thread 0x000001cad8c627e0 Uncommon trap: reason=class_check action=maybe_recompile pc=0x000001cae5b83a00 method=java.util.concurrent.ConcurrentHashMap.putVal(Ljava/lang/Object;Ljava/lang/Object;Z)Ljava/lang/Object; @ 242 c2
Event: 11.691 Thread 0x000001cad8c627e0 DEOPT PACKING pc=0x000001cae5b83a00 sp=0x00000071a5bfeb90
Event: 11.691 Thread 0x000001cad8c627e0 DEOPT UNPACKING pc=0x000001cae55d7da2 sp=0x00000071a5bfeb00 mode 2
Event: 11.733 Thread 0x000001cad8c627e0 Uncommon trap: trap_request=0xffffff45 fr.pc=0x000001cae5b93790 relative=0x00000000000002d0
Event: 11.733 Thread 0x000001cad8c627e0 Uncommon trap: reason=unstable_if action=reinterpret pc=0x000001cae5b93790 method=java.util.concurrent.ConcurrentHashMap.get(Ljava/lang/Object;)Ljava/lang/Object; @ 152 c2
Event: 11.733 Thread 0x000001cad8c627e0 DEOPT PACKING pc=0x000001cae5b93790 sp=0x00000071a5bfec40
Event: 11.733 Thread 0x000001cad8c627e0 DEOPT UNPACKING pc=0x000001cae55d7da2 sp=0x00000071a5bfebb8 mode 2
Event: 13.817 Thread 0x000001cad8c627e0 Uncommon trap: trap_request=0xffffff45 fr.pc=0x000001cae5b41ef4 relative=0x00000000000000d4
Event: 13.817 Thread 0x000001cad8c627e0 Uncommon trap: reason=unstable_if action=reinterpret pc=0x000001cae5b41ef4 method=java.util.concurrent.locks.ReentrantLock$Sync.tryRelease(I)Z @ 26 c2
Event: 13.817 Thread 0x000001cad8c627e0 DEOPT PACKING pc=0x000001cae5b41ef4 sp=0x00000071a5bff180
Event: 13.817 Thread 0x000001cad8c627e0 DEOPT UNPACKING pc=0x000001cae55d7da2 sp=0x00000071a5bff120 mode 2
Event: 14.148 Thread 0x000001caf57f7840 Uncommon trap: trap_request=0xffffff45 fr.pc=0x000001cae5b24a4c relative=0x000000000000012c
Event: 14.148 Thread 0x000001caf57f7840 Uncommon trap: reason=unstable_if action=reinterpret pc=0x000001cae5b24a4c method=java.lang.StringCoding.countPositives([BII)I @ 17 c2
Event: 14.148 Thread 0x000001caf57f7840 DEOPT PACKING pc=0x000001cae5b24a4c sp=0x00000071a6dfef30
Event: 14.148 Thread 0x000001caf57f7840 DEOPT UNPACKING pc=0x000001cae55d7da2 sp=0x00000071a6dfeeb8 mode 2
Event: 14.195 Thread 0x000001caf57f7840 DEOPT PACKING pc=0x000001cade2dd055 sp=0x00000071a6dfef40
Event: 14.196 Thread 0x000001caf57f7840 DEOPT UNPACKING pc=0x000001cae55d88e2 sp=0x00000071a6dfe3b0 mode 0
Event: 14.197 Thread 0x000001caf57f7840 DEOPT PACKING pc=0x000001cade2dd055 sp=0x00000071a6dfef40
Event: 14.197 Thread 0x000001caf57f7840 DEOPT UNPACKING pc=0x000001cae55d88e2 sp=0x00000071a6dfe3b0 mode 0

Classes loaded (20 events):
Event: 11.742 Loading class jdk/internal/reflect/MethodHandleDoubleFieldAccessorImpl
Event: 11.742 Loading class jdk/internal/reflect/MethodHandleDoubleFieldAccessorImpl done
Event: 13.817 Loading class java/time/Clock
Event: 13.817 Loading class java/time/InstantSource
Event: 13.818 Loading class java/time/InstantSource done
Event: 13.818 Loading class java/time/Clock done
Event: 13.818 Loading class java/time/Clock$SystemClock
Event: 13.819 Loading class java/time/Clock$SystemClock done
Event: 13.819 Loading class java/time/Instant
Event: 13.820 Loading class java/time/Instant done
Event: 13.821 Loading class java/time/format/DateTimePrintContext
Event: 13.821 Loading class java/time/format/DateTimePrintContext done
Event: 13.821 Loading class java/time/LocalDate$1
Event: 13.821 Loading class java/time/LocalDate$1 done
Event: 13.822 Loading class java/time/format/DateTimeFormatterBuilder$2
Event: 13.823 Loading class java/time/format/DateTimeFormatterBuilder$2 done
Event: 13.823 Loading class java/time/LocalTime$1
Event: 13.823 Loading class java/time/LocalTime$1 done
Event: 14.202 Loading class java/lang/invoke/MethodHandle$1
Event: 14.202 Loading class java/lang/invoke/MethodHandle$1 done

Classes unloaded (0 events):
No events

Classes redefined (0 events):
No events

Internal exceptions (20 events):
Event: 1.166 Thread 0x000001cad8c627e0 Exception <a 'sun/nio/fs/WindowsException'{0x00000007149a1e88}> (0x00000007149a1e88) 
thrown [s\src\hotspot\share\prims\jni.cpp, line 520]
Event: 1.166 Thread 0x000001cad8c627e0 Exception <a 'sun/nio/fs/WindowsException'{0x00000007149a7a48}> (0x00000007149a7a48) 
thrown [s\src\hotspot\share\prims\jni.cpp, line 520]
Event: 1.167 Thread 0x000001cad8c627e0 Exception <a 'sun/nio/fs/WindowsException'{0x00000007149b0710}> (0x00000007149b0710) 
thrown [s\src\hotspot\share\prims\jni.cpp, line 520]
Event: 1.168 Thread 0x000001cad8c627e0 Exception <a 'sun/nio/fs/WindowsException'{0x00000007149b67d0}> (0x00000007149b67d0) 
thrown [s\src\hotspot\share\prims\jni.cpp, line 520]
Event: 1.169 Thread 0x000001cad8c627e0 Exception <a 'sun/nio/fs/WindowsException'{0x00000007149bbec8}> (0x00000007149bbec8) 
thrown [s\src\hotspot\share\prims\jni.cpp, line 520]
Event: 1.170 Thread 0x000001cad8c627e0 Exception <a 'sun/nio/fs/WindowsException'{0x00000007149c62b0}> (0x00000007149c62b0) 
thrown [s\src\hotspot\share\prims\jni.cpp, line 520]
Event: 1.171 Thread 0x000001cad8c627e0 Exception <a 'sun/nio/fs/WindowsException'{0x00000007149cd180}> (0x00000007149cd180) 
thrown [s\src\hotspot\share\prims\jni.cpp, line 520]
Event: 1.171 Thread 0x000001cad8c627e0 Exception <a 'sun/nio/fs/WindowsException'{0x00000007149d4058}> (0x00000007149d4058) 
thrown [s\src\hotspot\share\prims\jni.cpp, line 520]
Event: 1.176 Thread 0x000001cad8c627e0 Exception <a 'sun/nio/fs/WindowsException'{0x00000007149db9c0}> (0x00000007149db9c0) 
thrown [s\src\hotspot\share\prims\jni.cpp, line 520]
Event: 1.233 Thread 0x000001cad8c627e0 Exception <a 'java/lang/NoSuchMethodError'{0x00000007149f1d08}: 'void java.lang.invoke.DirectMethodHandle$Holder.invokeStatic(java.lang.Object, long)'> (0x00000007149f1d08) 
thrown [s\src\hotspot\share\interpreter\linkResolver.cpp, line 773]
Event: 1.233 Thread 0x000001cad8c627e0 Exception <a 'java/lang/NoSuchMethodError'{0x00000007149f6f68}: 'java.lang.Object java.lang.invoke.DirectMethodHandle$Holder.newInvokeSpecial(java.lang.Object, long)'> (0x00000007149f6f68) 
thrown [s\src\hotspot\share\interpreter\linkResolver.cpp, line 773]
Event: 1.236 Thread 0x000001cad8c627e0 Exception <a 'java/lang/NoSuchMethodError'{0x00000007149fe218}: 'java.lang.Object java.lang.invoke.DirectMethodHandle$Holder.invokeStatic(java.lang.Object, long, java.lang.Object)'> (0x00000007149fe218) 
thrown [s\src\hotspot\share\interpreter\linkResolver.cpp, line 773]
Event: 1.236 Thread 0x000001cad8c627e0 Exception <a 'java/lang/NoSuchMethodError'{0x00000007146020c0}: 'java.lang.Object java.lang.invoke.DirectMethodHandle$Holder.invokeStaticInit(java.lang.Object, long, java.lang.Object)'> (0x00000007146020c0) 
thrown [s\src\hotspot\share\interpreter\linkResolver.cpp, line 773]
Event: 10.336 Thread 0x000001caf57f7840 Implicit null exception at 0x000001cae5b47261 to 0x000001cae5b47328
Event: 10.638 Thread 0x000001cad8c627e0 Exception <a 'java/lang/NoSuchMethodError'{0x000000071562f388}: 'void java.lang.invoke.Invokers$Holder.invokeExact_MT(java.lang.Object, java.lang.Object, java.lang.Object, java.lang.Object)'> (0x000000071562f388) 
thrown [s\src\hotspot\share\interpreter\linkResolver.cpp, line 773]
Event: 10.644 Thread 0x000001cad8c627e0 Exception <a 'java/lang/NoSuchMethodError'{0x0000000715640170}: 'int java.lang.invoke.DirectMethodHandle$Holder.invokeSpecial(java.lang.Object, java.lang.Object, java.lang.Object)'> (0x0000000715640170) 
thrown [s\src\hotspot\share\interpreter\linkResolver.cpp, line 773]
Event: 10.647 Thread 0x000001cad8c627e0 Exception <a 'java/lang/NoSuchMethodError'{0x000000071564a7b8}: 'void java.lang.invoke.DelegatingMethodHandle$Holder.reinvoke_L(java.lang.Object, java.lang.Object, int)'> (0x000000071564a7b8) 
thrown [s\src\hotspot\share\interpreter\linkResolver.cpp, line 773]
Event: 10.653 Thread 0x000001cad8c627e0 Exception <a 'java/lang/NoSuchMethodError'{0x000000071571ffe0}: 'void java.lang.invoke.DirectMethodHandle$Holder.invokeStatic(java.lang.Object, java.lang.Object, java.lang.Object)'> (0x000000071571ffe0) 
thrown [s\src\hotspot\share\interpreter\linkResolver.cpp, line 773]
Event: 11.743 Thread 0x000001cad8c627e0 Exception <a 'java/lang/NoSuchMethodError'{0x000000071548eb98}: 'double java.lang.invoke.DelegatingMethodHandle$Holder.reinvoke_L(java.lang.Object, java.lang.Object)'> (0x000000071548eb98) 
thrown [s\src\hotspot\share\interpreter\linkResolver.cpp, line 773]
Event: 11.744 Thread 0x000001cad8c627e0 Exception <a 'java/lang/NoSuchMethodError'{0x0000000715498b20}: 'void java.lang.invoke.DelegatingMethodHandle$Holder.reinvoke_L(java.lang.Object, java.lang.Object, double)'> (0x0000000715498b20) 
thrown [s\src\hotspot\share\interpreter\linkResolver.cpp, line 773]

ZGC Phase Switch (0 events):
No events

VM Operations (16 events):
Event: 0.131 Executing VM operation: HandshakeAllThreads (Deoptimize)
Event: 0.131 Executing VM operation: HandshakeAllThreads (Deoptimize) done
Event: 0.274 Executing VM operation: HandshakeAllThreads (Deoptimize)
Event: 0.274 Executing VM operation: HandshakeAllThreads (Deoptimize) done
Event: 1.279 Executing VM operation: Cleanup
Event: 1.279 Executing VM operation: Cleanup done
Event: 10.339 Executing VM operation: Cleanup
Event: 10.339 Executing VM operation: Cleanup done
Event: 10.531 Executing VM operation: HandshakeAllThreads (Deoptimize)
Event: 10.531 Executing VM operation: HandshakeAllThreads (Deoptimize) done
Event: 10.606 Executing VM operation: G1CollectForAllocation (G1 Evacuation Pause)
Event: 10.614 Executing VM operation: G1CollectForAllocation (G1 Evacuation Pause) done
Event: 11.628 Executing VM operation: Cleanup
Event: 11.643 Executing VM operation: Cleanup done
Event: 12.658 Executing VM operation: Cleanup
Event: 12.658 Executing VM operation: Cleanup done

Events (13 events):
Event: 0.010 Thread 0x000001cad8c627e0 Thread added: 0x000001cad8c627e0
Event: 0.057 Thread 0x000001caf5457550 Thread added: 0x000001caf5457550
Event: 0.057 Thread 0x000001caf54a2840 Thread added: 0x000001caf54a2840
Event: 0.058 Thread 0x000001caf54a0690 Thread added: 0x000001caf54a0690
Event: 0.059 Thread 0x000001caf54a10f0 Thread added: 0x000001caf54a10f0
Event: 0.059 Thread 0x000001caf54a2160 Thread added: 0x000001caf54a2160
Event: 0.059 Thread 0x000001caf5476d10 Thread added: 0x000001caf5476d10
Event: 0.059 Thread 0x000001caf547bf40 Thread added: 0x000001caf547bf40
Event: 0.059 Thread 0x000001caf54c5f40 Thread added: 0x000001caf54c5f40
Event: 0.095 Thread 0x000001caf5663420 Thread added: 0x000001caf5663420
Event: 0.100 Thread 0x000001caf5669ad0 Thread added: 0x000001caf5669ad0
Event: 10.209 Thread 0x000001caf57f7840 Thread added: 0x000001caf57f7840
Event: 10.210 Thread 0x000001cafa06fad0 Thread added: 0x000001cafa06fad0


Dynamic libraries:
0x00007ff7ea1a0000 - 0x00007ff7ea1ae000 	D:\eclipse\plugins\org.eclipse.justj.openjdk.hotspot.jre.full.win32.x86_64_21.0.3.v20240426-1530\jre\bin\javaw.exe
0x00007ffc76e70000 - 0x00007ffc77068000 	C:\WINDOWS\SYSTEM32\ntdll.dll
0x00007ffc765d0000 - 0x00007ffc76691000 	C:\WINDOWS\System32\KERNEL32.DLL
0x00007ffc74650000 - 0x00007ffc7494d000 	C:\WINDOWS\System32\KERNELBASE.dll
0x00007ffc74a00000 - 0x00007ffc74b00000 	C:\WINDOWS\System32\ucrtbase.dll
0x00007ffc6e1d0000 - 0x00007ffc6e1e8000 	D:\eclipse\plugins\org.eclipse.justj.openjdk.hotspot.jre.full.win32.x86_64_21.0.3.v20240426-1530\jre\bin\jli.dll
0x00007ffc6f500000 - 0x00007ffc6f51b000 	D:\eclipse\plugins\org.eclipse.justj.openjdk.hotspot.jre.full.win32.x86_64_21.0.3.v20240426-1530\jre\bin\VCRUNTIME140.dll
0x00007ffc74ea0000 - 0x00007ffc7503d000 	C:\WINDOWS\System32\USER32.dll
0x00007ffc749a0000 - 0x00007ffc749c2000 	C:\WINDOWS\System32\win32u.dll
0x00007ffc61fb0000 - 0x00007ffc6224a000 	C:\WINDOWS\WinSxS\amd64_microsoft.windows.common-controls_6595b64144ccf1df_6.0.19041.4355_none_60b8b9eb71f62e16\COMCTL32.dll
0x00007ffc751d0000 - 0x00007ffc751fb000 	C:\WINDOWS\System32\GDI32.dll
0x00007ffc756e0000 - 0x00007ffc7577e000 	C:\WINDOWS\System32\msvcrt.dll
0x00007ffc74c20000 - 0x00007ffc74d37000 	C:\WINDOWS\System32\gdi32full.dll
0x00007ffc745b0000 - 0x00007ffc7464d000 	C:\WINDOWS\System32\msvcp_win.dll
0x00007ffc76770000 - 0x00007ffc7679f000 	C:\WINDOWS\System32\IMM32.DLL
0x00007ffc70510000 - 0x00007ffc7051c000 	D:\eclipse\plugins\org.eclipse.justj.openjdk.hotspot.jre.full.win32.x86_64_21.0.3.v20240426-1530\jre\bin\vcruntime140_1.dll
0x00007ffc63ed0000 - 0x00007ffc63f5e000 	D:\eclipse\plugins\org.eclipse.justj.openjdk.hotspot.jre.full.win32.x86_64_21.0.3.v20240426-1530\jre\bin\msvcp140.dll
0x00007ffbe50c0000 - 0x00007ffbe5e42000 	D:\eclipse\plugins\org.eclipse.justj.openjdk.hotspot.jre.full.win32.x86_64_21.0.3.v20240426-1530\jre\bin\server\jvm.dll
0x00007ffc76d80000 - 0x00007ffc76e30000 	C:\WINDOWS\System32\ADVAPI32.dll
0x00007ffc75cb0000 - 0x00007ffc75d50000 	C:\WINDOWS\System32\sechost.dll
0x00007ffc755b0000 - 0x00007ffc756d3000 	C:\WINDOWS\System32\RPCRT4.dll
0x00007ffc749d0000 - 0x00007ffc749f7000 	C:\WINDOWS\System32\bcrypt.dll
0x00007ffc769b0000 - 0x00007ffc76a1b000 	C:\WINDOWS\System32\WS2_32.dll
0x00007ffc73aa0000 - 0x00007ffc73aeb000 	C:\WINDOWS\SYSTEM32\POWRPROF.dll
0x00007ffc6bd60000 - 0x00007ffc6bd6a000 	C:\WINDOWS\SYSTEM32\VERSION.dll
0x00007ffc64e00000 - 0x00007ffc64e27000 	C:\WINDOWS\SYSTEM32\WINMM.dll
0x00007ffc73910000 - 0x00007ffc73922000 	C:\WINDOWS\SYSTEM32\UMPDC.dll
0x00007ffc72d00000 - 0x00007ffc72d12000 	C:\WINDOWS\SYSTEM32\kernel.appcore.dll
0x00007ffc34220000 - 0x00007ffc3422a000 	D:\eclipse\plugins\org.eclipse.justj.openjdk.hotspot.jre.full.win32.x86_64_21.0.3.v20240426-1530\jre\bin\jimage.dll
0x00007ffc72ae0000 - 0x00007ffc72cc4000 	C:\WINDOWS\SYSTEM32\DBGHELP.DLL
0x00007ffc57880000 - 0x00007ffc578b4000 	C:\WINDOWS\SYSTEM32\dbgcore.DLL
0x00007ffc74520000 - 0x00007ffc745a2000 	C:\WINDOWS\System32\bcryptPrimitives.dll
0x00007ffc23f50000 - 0x00007ffc23f6f000 	D:\eclipse\plugins\org.eclipse.justj.openjdk.hotspot.jre.full.win32.x86_64_21.0.3.v20240426-1530\jre\bin\java.dll
0x00007ffc23850000 - 0x00007ffc23868000 	D:\eclipse\plugins\org.eclipse.justj.openjdk.hotspot.jre.full.win32.x86_64_21.0.3.v20240426-1530\jre\bin\zip.dll
0x00007ffc75e60000 - 0x00007ffc765cf000 	C:\WINDOWS\System32\SHELL32.dll
0x00007ffc72240000 - 0x00007ffc729df000 	C:\WINDOWS\SYSTEM32\windows.storage.dll
0x00007ffc76a20000 - 0x00007ffc76d73000 	C:\WINDOWS\System32\combase.dll
0x00007ffc73f40000 - 0x00007ffc73f6e000 	C:\WINDOWS\SYSTEM32\Wldp.dll
0x00007ffc766a0000 - 0x00007ffc7676d000 	C:\WINDOWS\System32\OLEAUT32.dll
0x00007ffc75790000 - 0x00007ffc7583d000 	C:\WINDOWS\System32\SHCORE.dll
0x00007ffc75210000 - 0x00007ffc75265000 	C:\WINDOWS\System32\shlwapi.dll
0x00007ffc74450000 - 0x00007ffc74474000 	C:\WINDOWS\SYSTEM32\profapi.dll
0x00007ffc2fd10000 - 0x00007ffc2fd20000 	D:\eclipse\plugins\org.eclipse.justj.openjdk.hotspot.jre.full.win32.x86_64_21.0.3.v20240426-1530\jre\bin\net.dll
0x00007ffc70850000 - 0x00007ffc7095d000 	C:\WINDOWS\SYSTEM32\WINHTTP.dll
0x00007ffc73ca0000 - 0x00007ffc73d0a000 	C:\WINDOWS\system32\mswsock.dll
0x00007ffc1c7b0000 - 0x00007ffc1c7c6000 	D:\eclipse\plugins\org.eclipse.justj.openjdk.hotspot.jre.full.win32.x86_64_21.0.3.v20240426-1530\jre\bin\nio.dll
0x00007ffc73e90000 - 0x00007ffc73ea8000 	C:\WINDOWS\SYSTEM32\CRYPTSP.dll
0x00007ffc73550000 - 0x00007ffc73584000 	C:\WINDOWS\system32\rsaenh.dll
0x00007ffc74400000 - 0x00007ffc7442e000 	C:\WINDOWS\SYSTEM32\USERENV.dll
0x00007ffc73eb0000 - 0x00007ffc73ebc000 	C:\WINDOWS\SYSTEM32\CRYPTBASE.dll
0x00007ffc73930000 - 0x00007ffc7396b000 	C:\WINDOWS\SYSTEM32\IPHLPAPI.DLL
0x00007ffc75200000 - 0x00007ffc75208000 	C:\WINDOWS\System32\NSI.dll

dbghelp: loaded successfully - version: 4.0.5 - missing functions: none
symbol engine: initialized successfully - sym options: 0x614 - pdb path: .;D:\eclipse\plugins\org.eclipse.justj.openjdk.hotspot.jre.full.win32.x86_64_21.0.3.v20240426-1530\jre\bin;C:\WINDOWS\SYSTEM32;C:\WINDOWS\WinSxS\amd64_microsoft.windows.common-controls_6595b64144ccf1df_6.0.19041.4355_none_60b8b9eb71f62e16;D:\eclipse\plugins\org.eclipse.justj.openjdk.hotspot.jre.full.win32.x86_64_21.0.3.v20240426-1530\jre\bin\server

VM Arguments:
jvm_args: -Dfile.encoding=UTF-8 -Dstdout.encoding=UTF-8 -Dstderr.encoding=UTF-8 -XX:+ShowCodeDetailsInExceptionMessages 
java_command: Main
java_class_path (initial): D:\Java Course\Kafka\kafka-learning\target\classes;C:\Users\PC\.m2\repository\org\apache\kafka\kafka-clients\3.6.1\kafka-clients-3.6.1.jar;C:\Users\PC\.m2\repository\com\github\luben\zstd-jni\1.5.5-1\zstd-jni-1.5.5-1.jar;C:\Users\PC\.m2\repository\org\lz4\lz4-java\1.8.0\lz4-java-1.8.0.jar;C:\Users\PC\.m2\repository\org\xerial\snappy\snappy-java\1.1.10.5\snappy-java-1.1.10.5.jar;C:\Users\PC\.m2\repository\org\slf4j\slf4j-api\1.7.36\slf4j-api-1.7.36.jar;C:\Users\PC\.m2\repository\org\slf4j\slf4j-simple\1.7.36\slf4j-simple-1.7.36.jar;C:\Users\PC\.m2\repository\com\microsoft\playwright\playwright\1.41.2\playwright-1.41.2.jar;C:\Users\PC\.m2\repository\com\google\code\gson\gson\2.8.9\gson-2.8.9.jar;C:\Users\PC\.m2\repository\org\opentest4j\opentest4j\1.2.0\opentest4j-1.2.0.jar;C:\Users\PC\.m2\repository\com\microsoft\playwright\driver\1.41.2\driver-1.41.2.jar;C:\Users\PC\.m2\repository\com\microsoft\playwright\driver-bundle\1.41.2\driver-bundle-1.41.2.jar;C:\Users\PC\.m2\repository\com\fasterxml\jackson\core\jackson-databind\2.15.2\jackson-databind-2.15.2.jar;C:\Users\PC\.m2\repository\com\fasterxml\jackson\core\jackson-annotations\2.15.2\jackson-annotations-2.15.2.jar;C:\Users\PC\.m2\repository\com\fasterxml\jackson\core\jackson-core\2.15.2\jackson-core-2.15.2.jar
Launcher Type: SUN_STANDARD

[Global flags]
     intx CICompilerCount                          = 4                                         {product} {ergonomic}
     uint ConcGCThreads                            = 2                                         {product} {ergonomic}
     uint G1ConcRefinementThreads                  = 8                                         {product} {ergonomic}
   size_t G1HeapRegionSize                         = 2097152                                   {product} {ergonomic}
    uintx GCDrainStackTargetSize                   = 64                                        {product} {ergonomic}
   size_t InitialHeapSize                          = 264241152                                 {product} {ergonomic}
   size_t MarkStackSize                            = 4194304                                   {product} {ergonomic}
   size_t MaxHeapSize                              = 4198498304                                {product} {ergonomic}
   size_t MaxNewSize                               = 2518679552                                {product} {ergonomic}
   size_t MinHeapDeltaBytes                        = 2097152                                   {product} {ergonomic}
   size_t MinHeapSize                              = 8388608                                   {product} {ergonomic}
    uintx NonNMethodCodeHeapSize                   = 5839372                                {pd product} {ergonomic}
    uintx NonProfiledCodeHeapSize                  = 122909434                              {pd product} {ergonomic}
    uintx ProfiledCodeHeapSize                     = 122909434                              {pd product} {ergonomic}
    uintx ReservedCodeCacheSize                    = 251658240                              {pd product} {ergonomic}
     bool SegmentedCodeCache                       = true                                      {product} {ergonomic}
     bool ShowCodeDetailsInExceptionMessages       = true                                   {manageable} {command line}
   size_t SoftMaxHeapSize                          = 4198498304                             {manageable} {ergonomic}
     bool UseCompressedOops                        = true                           {product lp64_product} {ergonomic}
     bool UseG1GC                                  = true                                      {product} {ergonomic}
     bool UseLargePagesIndividualAllocation        = false                                  {pd product} {ergonomic}

Logging:
Log output configuration:
 #0: stdout all=warning uptime,level,tags foldmultilines=false
 #1: stderr all=off uptime,level,tags foldmultilines=false

Environment Variables:
JAVA_HOME=C:\Java\jdk-9.0.1
PATH=D:/eclipse//plugins/org.eclipse.justj.openjdk.hotspot.jre.full.win32.x86_64_21.0.3.v20240426-1530/jre/bin/server;D:/eclipse//plugins/org.eclipse.justj.openjdk.hotspot.jre.full.win32.x86_64_21.0.3.v20240426-1530/jre/bin;C:\ProgramData\Oracle\Java\javapath;C:\Java\jdk-9.0.1\bin;C:\Program Files\Common Files\Oracle\Java\javapath;C:\WINDOWS\system32;C:\WINDOWS;C:\WINDOWS\System32\Wbem;C:\WINDOWS\System32\WindowsPowerShell\v1.0\;C:\WINDOWS\System32\OpenSSH\;C:\Program Files\Cloudflare\Cloudflare WARP\;C:\Program Files (x86)\Microsoft SQL Server\160\DTS\Binn\;C:\Program Files\Azure Data Studio\bin;C:\Program Files (x86)\Microsoft SQL Server\160\Tools\Binn\;C:\Program Files\Microsoft SQL Server\160\Tools\Binn\;C:\Program Files\Microsoft SQL Server\Client SDK\ODBC\170\Tools\Binn\;C:\Program Files\Microsoft SQL Server\160\DTS\Binn\;C:\instantclient_21_11;C:\Program Files\MySQL\MySQL Server 8.0\bin;C:\Program Files\Git\cmd;C:\Program Files\MySQL\MySQL Utilities 1.6\;%HADOOP_HOME%\bin;%SPARK_HOME%\bin;C:\Program Files\MongoDB\Server\7.0\bin;C:\ProgramData\chocolatey\bin;%KAFKA_HOME%\bin\windows;%HADOOP_HOME%\sbin;C:\hadoop-3.3.6\bin;C:\hadoop-3.3.6\sbin;C:\Users\PC\AppData\Local\Programs\Python\Python312;C:\Program Files\Docker\Docker\resources\bin;C:\Program Files\nodejs\;C:\Program Files\Redis\;C:\Program Files\apache-maven-3.9.8\bin;C:\ProgramData\Jenkins\;C:\Program Files\Common Files\Oracle\Java\javapath;C:\Java\jdk-9.0.1\bin;C:\ProgramData\Oracle\Java\javapath;C:\Program Files\Eclipse Adoptium\jdk-21.0.1.12-hotspot\bin;C:\WINDOWS\system32;C:\WINDOWS;C:\WINDOWS\System32\Wbem;C:\WINDOWS\System32\WindowsPowerShell\v1.0\;C:\WINDOWS\System32\OpenSSH\;C:\Program Files\Cloudflare\Cloudflare WARP\;C:\Program Files (x86)\Microsoft SQL Server\160\DTS\Binn\;C:\Program Files\Azure Data Studio\bin;C:\Program Files (x86)\Microsoft SQL Server\160\Tools\Binn\;C:\Program Files\Microsoft SQL Server\160\Tools\Binn\;C:\Program Files\Microsoft SQL Server\Client SDK\ODBC\170\Tools\Binn\;C:\Program Files\Microsoft SQL Server\160\DTS\Binn\;C:\instantclient_21_11;C:\Program Files\MySQL\MySQL Server 8.0\bin;C:\Program Files\Git\cmd;C:\Program Files\MySQL\MySQL Utilities 1.6\;C:\hadoop-3.3.6\bin;C:\Program Files\PySpark\spark-3.5.0-bin-hadoop3\bin;C:\Program Files\MongoDB\Server\7.0\bin;C:\ProgramData\chocolatey\bin;C:\kafka_2.12-3.6.1\bin\windows;C:\hadoop-3.3.6\sbin;C:\hadoop-3.3.6\bin;C:\hadoop-3.3.6\sbin;C:\Users\PC\AppData\Lo;C:\Users\PC\AppData\Local\Programs\Microsoft VS Code\bin;D:\eclipse;
USERNAME=PC
OS=Windows_NT
PROCESSOR_IDENTIFIER=Intel64 Family 6 Model 140 Stepping 1, GenuineIntel
TMP=C:\Users\PC\AppData\Local\Temp
TEMP=C:\Users\PC\AppData\Local\Temp




Periodic native trim disabled

---------------  S Y S T E M  ---------------

OS:
 Windows 10 , 64 bit Build 19041 (10.0.19041.4717)
OS uptime: 8 days 23:33 hours
Hyper-V role detected

CPU: total 8 (initial active 8) (4 cores per cpu, 2 threads per core) family 6 model 140 stepping 1 microcode 0xa4, cx8, cmov, fxsr, ht, mmx, 3dnowpref, sse, sse2, sse3, ssse3, sse4.1, sse4.2, popcnt, lzcnt, tsc, tscinvbit, avx, avx2, aes, erms, clmul, bmi1, bmi2, adx, avx512f, avx512dq, avx512cd, avx512bw, avx512vl, sha, fma, vzeroupper, avx512_vpopcntdq, avx512_vpclmulqdq, avx512_vaes, avx512_vnni, clflush, clflushopt, clwb, avx512_vbmi2, avx512_vbmi, hv, rdtscp, rdpid, fsrm, gfni, avx512_bitalg, f16c, cet_ibt, cet_ss, avx512_ifma
Processor Information for processor 0
  Max Mhz: 2419, Current Mhz: 907, Mhz Limit: 2419
Processor Information for processor 1
  Max Mhz: 2419, Current Mhz: 907, Mhz Limit: 2419
Processor Information for processor 2
  Max Mhz: 2419, Current Mhz: 2419, Mhz Limit: 2419
Processor Information for processor 3
  Max Mhz: 2419, Current Mhz: 2419, Mhz Limit: 2419
Processor Information for processor 4
  Max Mhz: 2419, Current Mhz: 2419, Mhz Limit: 2419
Processor Information for processor 5
  Max Mhz: 2419, Current Mhz: 907, Mhz Limit: 2419
Processor Information for processor 6
  Max Mhz: 2419, Current Mhz: 907, Mhz Limit: 2419
Processor Information for processor 7
  Max Mhz: 2419, Current Mhz: 907, Mhz Limit: 2419

Memory: 4k page, system-wide physical 16013M (2937M free)
TotalPageFile size 18061M (AvailPageFile size 6M)
current process WorkingSet (physical memory assigned to process): 81M, peak: 81M
current process commit charge ("private bytes"): 347M, peak: 348M

vm_info: OpenJDK 64-Bit Server VM (21.0.3+9-LTS) for windows-amd64 JRE (21.0.3+9-LTS), built on 2024-04-16T00:00:00Z by "admin" with MS VC++ 17.7 (VS2022)

END.
